This is LuaHBTeX, Version 1.17.0 (TeX Live 2023)  (format=lualatex 2023.6.21)  25 JUN 2023 01:55
 restricted system commands enabled.
**MSc-Project---Carlos-YANEZ-SANTIBANEZ.tex
(./MSc-Project---Carlos-YANEZ-SANTIBANEZ.tex
LaTeX2e <2023-06-01> patch level 1
L3 programming layer <2023-06-16>
Lua module: luaotfload 2022-10-03 3.23 Lua based OpenType font support
Lua module: lualibs 2022-10-04 2.75 ConTeXt Lua standard libraries.
Lua module: lualibs-extended 2022-10-04 2.75 ConTeXt Lua libraries -- extended collection.
luaotfload | conf : Root cache directory is "C:/Users/carlo/AppData/Roaming/TinyTeX/texmf-var/luatex-cache/generic/names".
luaotfload | init : Loading fontloader "fontloader-2022-10-03.lua" from kpse-resolved path "c:/Users/carlo/AppData/Roaming/TinyTeX/texmf-dist/tex/luatex/luaotfload/fontloader-2022-10-03.lua".
Lua-only attribute luaotfload@noligature = 1
luaotfload | init : Context OpenType loader version 3.120
Inserting `luaotfload.node_processor' in `pre_linebreak_filter'.
Inserting `luaotfload.node_processor' in `hpack_filter'.
Inserting `luaotfload.glyph_stream' in `glyph_stream_provider'.
Inserting `luaotfload.define_font' in `define_font'.
Lua-only attribute luaotfload_color_attribute = 2
luaotfload | conf : Root cache directory is "C:/Users/carlo/AppData/Roaming/TinyTeX/texmf-var/luatex-cache/generic/names".
Inserting `luaotfload.harf.strip_prefix' in `find_opentype_file'.
Inserting `luaotfload.harf.strip_prefix' in `find_truetype_file'.
Removing  `luaotfload.glyph_stream' from `glyph_stream_provider'.
Inserting `luaotfload.harf.glyphstream' in `glyph_stream_provider'.
Inserting `luaotfload.harf.finalize_vlist' in `post_linebreak_filter'.
Inserting `luaotfload.harf.finalize_hlist' in `hpack_filter'.
Inserting `luaotfload.cleanup_files' in `wrapup_run'.
Inserting `luaotfload.harf.finalize_unicode' in `finish_pdffile'.
Inserting `luaotfload.glyphinfo' in `glyph_info'.
Lua-only attribute luaotfload.letterspace_done = 3
Inserting `luaotfload.aux.set_sscale_dimens' in `luaotfload.patch_font'.
Inserting `luaotfload.aux.set_font_index' in `luaotfload.patch_font'.
Inserting `luaotfload.aux.patch_cambria_domh' in `luaotfload.patch_font'.
Inserting `luaotfload.aux.fixup_fontdata' in `luaotfload.patch_font_unsafe'.
Inserting `luaotfload.aux.set_capheight' in `luaotfload.patch_font'.
Inserting `luaotfload.aux.set_xheight' in `luaotfload.patch_font'.
Inserting `luaotfload.rewrite_fontname' in `luaotfload.patch_font'.
Inserting `tracingstacklevels' in `input_level_string'. (c:/Users/carlo/AppData/Roaming/TinyTeX/texmf-dist/tex/latex/base/article.cls
Document Class: article 2023/05/17 v1.4n Standard LaTeX document class
(c:/Users/carlo/AppData/Roaming/TinyTeX/texmf-dist/tex/latex/base/size11.clo
File: size11.clo 2023/05/17 v1.4n Standard LaTeX file (size option)
luaotfload | db : Font names database loaded from C:/Users/carlo/AppData/Roaming/TinyTeX/texmf-var/luatex-cache/generic/names/luaotfload-names.luc.gz)
\c@part=\count183
\c@section=\count184
\c@subsection=\count185
\c@subsubsection=\count186
\c@paragraph=\count187
\c@subparagraph=\count188
\c@figure=\count189
\c@table=\count190
\abovecaptionskip=\skip48
\belowcaptionskip=\skip49
\bibindent=\dimen139
) (c:/Users/carlo/AppData/Roaming/TinyTeX/texmf-dist/tex/latex/amsmath/amsmath.sty
Package: amsmath 2023/05/13 v2.17o AMS math features
\@mathmargin=\skip50
For additional information on amsmath, use the `?' option.
(c:/Users/carlo/AppData/Roaming/TinyTeX/texmf-dist/tex/latex/amsmath/amstext.sty
Package: amstext 2021/08/26 v2.01 AMS text
(c:/Users/carlo/AppData/Roaming/TinyTeX/texmf-dist/tex/latex/amsmath/amsgen.sty
File: amsgen.sty 1999/11/30 v2.0 generic functions
\@emptytoks=\toks17
\ex@=\dimen140
)) (c:/Users/carlo/AppData/Roaming/TinyTeX/texmf-dist/tex/latex/amsmath/amsbsy.sty
Package: amsbsy 1999/11/29 v1.2d Bold Symbols
\pmbraise@=\dimen141
) (c:/Users/carlo/AppData/Roaming/TinyTeX/texmf-dist/tex/latex/amsmath/amsopn.sty
Package: amsopn 2022/04/08 v2.04 operator names
)
\inf@bad=\count191
LaTeX Info: Redefining \frac on input line 236.
\uproot@=\count192
\leftroot@=\count193
LaTeX Info: Redefining \overline on input line 399.
LaTeX Info: Redefining \colon on input line 410.
\classnum@=\count194
\DOTSCASE@=\count195
LaTeX Info: Redefining \ldots on input line 496.
LaTeX Info: Redefining \dots on input line 499.
LaTeX Info: Redefining \cdots on input line 620.
\Mathstrutbox@=\box51
\strutbox@=\box52
LaTeX Info: Redefining \big on input line 722.
LaTeX Info: Redefining \Big on input line 723.
LaTeX Info: Redefining \bigg on input line 724.
LaTeX Info: Redefining \Bigg on input line 725.
\big@size=\dimen142
LaTeX Font Info:    Redeclaring font encoding OML on input line 743.
LaTeX Font Info:    Redeclaring font encoding OMS on input line 744.
\macc@depth=\count196
LaTeX Info: Redefining \bmod on input line 905.
LaTeX Info: Redefining \pmod on input line 910.
LaTeX Info: Redefining \smash on input line 940.
LaTeX Info: Redefining \relbar on input line 970.
LaTeX Info: Redefining \Relbar on input line 971.
\c@MaxMatrixCols=\count197
\dotsspace@=\muskip16
\c@parentequation=\count198
\dspbrk@lvl=\count199
\tag@help=\toks18
\row@=\count266
\column@=\count267
\maxfields@=\count268
\andhelp@=\toks19
\eqnshift@=\dimen143
\alignsep@=\dimen144
\tagshift@=\dimen145
\tagwidth@=\dimen146
\totwidth@=\dimen147
\lineht@=\dimen148
\@envbody=\toks20
\multlinegap=\skip51
\multlinetaggap=\skip52
\mathdisplay@stack=\toks21
LaTeX Info: Redefining \[ on input line 2953.
LaTeX Info: Redefining \] on input line 2954.
) (c:/Users/carlo/AppData/Roaming/TinyTeX/texmf-dist/tex/latex/amsfonts/amssymb.sty
Package: amssymb 2013/01/14 v3.01 AMS font symbols
(c:/Users/carlo/AppData/Roaming/TinyTeX/texmf-dist/tex/latex/amsfonts/amsfonts.sty
Package: amsfonts 2013/01/14 v3.01 Basic AMSFonts support
\symAMSa=\mathgroup4
\symAMSb=\mathgroup5
LaTeX Font Info:    Redeclaring math symbol \hbar on input line 98.
LaTeX Font Info:    Overwriting math alphabet `\mathfrak' in version `bold'
(Font)                  U/euf/m/n --> U/euf/b/n on input line 106.
)) (c:/Users/carlo/AppData/Roaming/TinyTeX/texmf-dist/tex/latex/lm/lmodern.sty
Package: lmodern 2015/05/01 v1.6.1 Latin Modern Fonts
LaTeX Font Info:    Overwriting symbol font `operators' in version `normal'
(Font)                  OT1/cmr/m/n --> OT1/lmr/m/n on input line 22.
LaTeX Font Info:    Overwriting symbol font `letters' in version `normal'
(Font)                  OML/cmm/m/it --> OML/lmm/m/it on input line 23.
LaTeX Font Info:    Overwriting symbol font `symbols' in version `normal'
(Font)                  OMS/cmsy/m/n --> OMS/lmsy/m/n on input line 24.
LaTeX Font Info:    Overwriting symbol font `largesymbols' in version `normal'
(Font)                  OMX/cmex/m/n --> OMX/lmex/m/n on input line 25.
LaTeX Font Info:    Overwriting symbol font `operators' in version `bold'
(Font)                  OT1/cmr/bx/n --> OT1/lmr/bx/n on input line 26.
LaTeX Font Info:    Overwriting symbol font `letters' in version `bold'
(Font)                  OML/cmm/b/it --> OML/lmm/b/it on input line 27.
LaTeX Font Info:    Overwriting symbol font `symbols' in version `bold'
(Font)                  OMS/cmsy/b/n --> OMS/lmsy/b/n on input line 28.
LaTeX Font Info:    Overwriting symbol font `largesymbols' in version `bold'
(Font)                  OMX/cmex/m/n --> OMX/lmex/m/n on input line 29.
LaTeX Font Info:    Overwriting math alphabet `\mathbf' in version `normal'
(Font)                  OT1/cmr/bx/n --> OT1/lmr/bx/n on input line 31.
LaTeX Font Info:    Overwriting math alphabet `\mathsf' in version `normal'
(Font)                  OT1/cmss/m/n --> OT1/lmss/m/n on input line 32.
LaTeX Font Info:    Overwriting math alphabet `\mathit' in version `normal'
(Font)                  OT1/cmr/m/it --> OT1/lmr/m/it on input line 33.
LaTeX Font Info:    Overwriting math alphabet `\mathtt' in version `normal'
(Font)                  OT1/cmtt/m/n --> OT1/lmtt/m/n on input line 34.
LaTeX Font Info:    Overwriting math alphabet `\mathbf' in version `bold'
(Font)                  OT1/cmr/bx/n --> OT1/lmr/bx/n on input line 35.
LaTeX Font Info:    Overwriting math alphabet `\mathsf' in version `bold'
(Font)                  OT1/cmss/bx/n --> OT1/lmss/bx/n on input line 36.
LaTeX Font Info:    Overwriting math alphabet `\mathit' in version `bold'
(Font)                  OT1/cmr/bx/it --> OT1/lmr/bx/it on input line 37.
LaTeX Font Info:    Overwriting math alphabet `\mathtt' in version `bold'
(Font)                  OT1/cmtt/m/n --> OT1/lmtt/m/n on input line 38.
) (c:/Users/carlo/AppData/Roaming/TinyTeX/texmf-dist/tex/latex/setspace/setspace.sty
Package: setspace 2022/12/04 v6.7b set line spacing
) (c:/Users/carlo/AppData/Roaming/TinyTeX/texmf-dist/tex/generic/iftex/iftex.sty
Package: iftex 2022/02/03 v1.0f TeX engine tests
) (c:/Users/carlo/AppData/Roaming/TinyTeX/texmf-dist/tex/latex/unicode-math/unicode-math.sty (c:/Users/carlo/AppData/Roaming/TinyTeX/texmf-dist/tex/latex/l3kernel/expl3.sty
Package: expl3 2023-06-16 L3 programming layer (loader) 
(c:/Users/carlo/AppData/Roaming/TinyTeX/texmf-dist/tex/latex/l3backend/l3backend-luatex.def
File: l3backend-luatex.def 2023-04-19 L3 backend support: PDF output (LuaTeX)
\l__color_backend_stack_int=\count269
Inserting `l3color' in `luaotfload.parse_color'.
\l__pdf_internal_box=\box53
))
Package: unicode-math 2020/01/31 v0.8q Unicode maths in XeLaTeX and LuaLaTeX
(c:/Users/carlo/AppData/Roaming/TinyTeX/texmf-dist/tex/latex/unicode-math/unicode-math-luatex.sty
Package: unicode-math-luatex 2020/01/31 v0.8q Unicode maths in XeLaTeX and LuaLaTeX
(c:/Users/carlo/AppData/Roaming/TinyTeX/texmf-dist/tex/latex/l3packages/xparse/xparse.sty
Package: xparse 2023-02-02 L3 Experimental document command parser
) (c:/Users/carlo/AppData/Roaming/TinyTeX/texmf-dist/tex/latex/l3packages/l3keys2e/l3keys2e.sty
Package: l3keys2e 2023-02-02 LaTeX2e option processing using LaTeX3 keys
) (c:/Users/carlo/AppData/Roaming/TinyTeX/texmf-dist/tex/latex/fontspec/fontspec.sty
Package: fontspec 2022/01/15 v2.8a Font selection for XeLaTeX and LuaLaTeX
Lua module: fontspec 2022/01/15 2.8a Font selection for XeLaTeX and LuaLaTeX (c:/Users/carlo/AppData/Roaming/TinyTeX/texmf-dist/tex/latex/fontspec/fontspec-luatex.sty
Package: fontspec-luatex 2022/01/15 v2.8a Font selection for XeLaTeX and LuaLaTeX
\l__fontspec_script_int=\count270
\l__fontspec_language_int=\count271
\l__fontspec_strnum_int=\count272
\l__fontspec_tmp_int=\count273
\l__fontspec_tmpa_int=\count274
\l__fontspec_tmpb_int=\count275
\l__fontspec_tmpc_int=\count276
\l__fontspec_em_int=\count277
\l__fontspec_emdef_int=\count278
\l__fontspec_strong_int=\count279
\l__fontspec_strongdef_int=\count280
\l__fontspec_tmpa_dim=\dimen149
\l__fontspec_tmpb_dim=\dimen150
\l__fontspec_tmpc_dim=\dimen151
(c:/Users/carlo/AppData/Roaming/TinyTeX/texmf-dist/tex/latex/base/fontenc.sty
Package: fontenc 2021/04/29 v2.0v Standard LaTeX package
) (c:/Users/carlo/AppData/Roaming/TinyTeX/texmf-dist/tex/latex/fontspec/fontspec.cfg))) (c:/Users/carlo/AppData/Roaming/TinyTeX/texmf-dist/tex/latex/base/fix-cm.sty
Package: fix-cm 2020/11/24 v1.1t fixes to LaTeX
(c:/Users/carlo/AppData/Roaming/TinyTeX/texmf-dist/tex/latex/base/ts1enc.def
File: ts1enc.def 2001/06/05 v3.0e (jk/car/fm) Standard LaTeX file
LaTeX Font Info:    Redeclaring font encoding TS1 on input line 47.
)) (c:/Users/carlo/AppData/Roaming/TinyTeX/texmf-dist/tex/lualatex/lualatex-math/lualatex-math.sty
Package: lualatex-math 2022/01/01 v1.12 Patches for mathematics typesetting with LuaLaTeX
(c:/Users/carlo/AppData/Roaming/TinyTeX/texmf-dist/tex/latex/etoolbox/etoolbox.sty
Package: etoolbox 2020/10/05 v2.5k e-TeX tools for LaTeX (JAW)
\etb@tempcnta=\count281
)
Lua module: lualatex-math 2013/08/03 1.3 Patches for mathematics typesetting with LuaLaTeX)
\g__um_fam_int=\count282
\g__um_fonts_used_int=\count283
\l__um_primecount_int=\count284
\g__um_primekern_muskip=\muskip17
(c:/Users/carlo/AppData/Roaming/TinyTeX/texmf-dist/tex/latex/unicode-math/unicode-math-table.tex)))

Package fontspec Info: regular scale = 0.8157907230688886.


Package fontspec Info: regular scale = 0.8157907230688886.

luaotfload | aux : font no 19 (nil) does not define feature smcp for script latn with language dflt

Package fontspec Info: bold scale = 0.8157907230688886.

luaotfload | aux : font no 20 (nil) does not define feature smcp for script latn with language dflt

Package fontspec Info: italic scale = 0.8157907230688886.

luaotfload | aux : font no 21 (nil) does not define feature smcp for script latn with language dflt

Package fontspec Info: bolditalic scale = 0.8157907230688886.

luaotfload | aux : font no 22 (nil) does not define feature smcp for script latn with language dflt

Package fontspec Info: Font family 'regular.ttf(0)' created for font
(fontspec)             'regular.ttf' with options
(fontspec)             [Scale=MatchLowercase,Ligatures=TeX,Scale=1,Path=C:/Users/carlo/AppData/Local/R/win-library/4.2/uofgdataanalyticsreport/indiedown/fonts/,BoldFont=bold.ttf,ItalicFont=italic.ttf,BoldItalicFont=bolditalic.ttf,Scale=0.92].
(fontspec)              
(fontspec)              This font family consists of the following NFSS
(fontspec)             series/shapes:
(fontspec)              
(fontspec)             - 'normal' (m/n) with NFSS spec.:
(fontspec)             <->s*[0.92]"[C:/Users/carlo/AppData/Local/R/win-library/4.2/uofgdataanalyticsreport/indiedown/fonts/regular.ttf]:mode=node;script=latn;language=dflt;+tlig;"
(fontspec)             - 'small caps'  (m/sc) with NFSS spec.: 
(fontspec)             - 'bold' (b/n) with NFSS spec.:
(fontspec)             <->s*[0.92]"[C:/Users/carlo/AppData/Local/R/win-library/4.2/uofgdataanalyticsreport/indiedown/fonts/bold.ttf]:mode=node;script=latn;language=dflt;+tlig;"
(fontspec)             - 'bold small caps'  (b/sc) with NFSS spec.: 
(fontspec)             - 'italic' (m/it) with NFSS spec.:
(fontspec)             <->s*[0.92]"[C:/Users/carlo/AppData/Local/R/win-library/4.2/uofgdataanalyticsreport/indiedown/fonts/italic.ttf]:mode=node;script=latn;language=dflt;+tlig;"
(fontspec)             - 'italic small caps'  (m/scit) with NFSS spec.: 
(fontspec)             - 'bold italic' (b/it) with NFSS spec.:
(fontspec)             <->s*[0.92]"[C:/Users/carlo/AppData/Local/R/win-library/4.2/uofgdataanalyticsreport/indiedown/fonts/bolditalic.ttf]:mode=node;script=latn;language=dflt;+tlig;"
(fontspec)             - 'bold italic small caps'  (b/scit) with NFSS spec.: 

LaTeX Font Info:    Font shape `TU/regular.ttf(0)/m/n' will be
(Font)              scaled to size 10.07397pt on input line 22.

Package fontspec Info: regular scale = 0.9199939862950829.


Package fontspec Info: regular scale = 0.9199939862950829.

luaotfload | aux : font no 26 (nil) does not define feature smcp for script latn with language dflt

Package fontspec Info: bold scale = 0.9199939862950829.

luaotfload | aux : font no 27 (nil) does not define feature smcp for script latn with language dflt

Package fontspec Info: italic scale = 0.9199939862950829.

luaotfload | aux : font no 28 (nil) does not define feature smcp for script latn with language dflt

Package fontspec Info: bolditalic scale = 0.9199939862950829.

luaotfload | aux : font no 29 (nil) does not define feature smcp for script latn with language dflt

Package fontspec Info: Font family 'regular.ttf(1)' created for font
(fontspec)             'regular.ttf' with options
(fontspec)             [Scale=MatchLowercase,Renderer=Basic,Path=C:/Users/carlo/AppData/Local/R/win-library/4.2/uofgdataanalyticsreport/indiedown/fonts/,BoldFont=bold.ttf,ItalicFont=italic.ttf,BoldItalicFont=bolditalic.ttf,Scale=0.92].
(fontspec)              
(fontspec)              This font family consists of the following NFSS
(fontspec)             series/shapes:
(fontspec)              
(fontspec)             - 'normal' (m/n) with NFSS spec.:
(fontspec)             <->s*[0.92]"[C:/Users/carlo/AppData/Local/R/win-library/4.2/uofgdataanalyticsreport/indiedown/fonts/regular.ttf]:mode=base;script=latn;language=dflt;"
(fontspec)             - 'small caps'  (m/sc) with NFSS spec.: 
(fontspec)             - 'bold' (b/n) with NFSS spec.:
(fontspec)             <->s*[0.92]"[C:/Users/carlo/AppData/Local/R/win-library/4.2/uofgdataanalyticsreport/indiedown/fonts/bold.ttf]:mode=base;script=latn;language=dflt;"
(fontspec)             - 'bold small caps'  (b/sc) with NFSS spec.: 
(fontspec)             - 'italic' (m/it) with NFSS spec.:
(fontspec)             <->s*[0.92]"[C:/Users/carlo/AppData/Local/R/win-library/4.2/uofgdataanalyticsreport/indiedown/fonts/italic.ttf]:mode=base;script=latn;language=dflt;"
(fontspec)             - 'italic small caps'  (m/scit) with NFSS spec.: 
(fontspec)             - 'bold italic' (b/it) with NFSS spec.:
(fontspec)             <->s*[0.92]"[C:/Users/carlo/AppData/Local/R/win-library/4.2/uofgdataanalyticsreport/indiedown/fonts/bolditalic.ttf]:mode=base;script=latn;language=dflt;"
(fontspec)             - 'bold italic small caps'  (b/scit) with NFSS spec.: 

LaTeX Font Info:    Overwriting math alphabet `\mathrm' in version `normal'
(Font)                  OT1/lmr/m/n --> TU/regular.ttf(1)/m/n on input line 22.
LaTeX Font Info:    Overwriting math alphabet `\mathit' in version `normal'
(Font)                  OT1/lmr/m/it --> TU/regular.ttf(1)/m/it on input line 22.
LaTeX Font Info:    Overwriting math alphabet `\mathbf' in version `normal'
(Font)                  OT1/lmr/bx/n --> TU/regular.ttf(1)/b/n on input line 22.
(c:/Users/carlo/AppData/Roaming/TinyTeX/texmf-dist/tex/latex/upquote/upquote.sty
Package: upquote 2012/04/19 v1.3 upright-quote and grave-accent glyphs in verbatim
(c:/Users/carlo/AppData/Roaming/TinyTeX/texmf-dist/tex/latex/base/textcomp.sty
Package: textcomp 2020/02/02 v2.0n Standard LaTeX package
)) (c:/Users/carlo/AppData/Roaming/TinyTeX/texmf-dist/tex/latex/microtype/microtype.sty
Package: microtype 2023/03/13 v3.1a Micro-typographical refinements (RS)
(c:/Users/carlo/AppData/Roaming/TinyTeX/texmf-dist/tex/latex/graphics/keyval.sty
Package: keyval 2022/05/29 v1.15 key=value parser (DPC)
\KV@toks@=\toks22
)
\MT@toks=\toks23
\MT@tempbox=\box54
\MT@count=\count285
LaTeX Info: Redefining \noprotrusionifhmode on input line 1059.
LaTeX Info: Redefining \leftprotrusion on input line 1060.
\MT@prot@toks=\toks24
LaTeX Info: Redefining \rightprotrusion on input line 1078.
LaTeX Info: Redefining \textls on input line 1368.
\MT@outer@kern=\dimen152
LaTeX Info: Redefining \textmicrotypecontext on input line 1988.
\MT@listname@count=\count286
(c:/Users/carlo/AppData/Roaming/TinyTeX/texmf-dist/tex/latex/microtype/microtype-luatex.def
File: microtype-luatex.def 2023/03/13 v3.1a Definitions specific to luatex (RS)
Lua module: microtype 2023/03/13 3.1a microtype module.
Module microtype Info: overwriting function `keepligature' on input line 63
LaTeX Info: Redefining \lsstyle on input line 688.
LaTeX Info: Redefining \lslig on input line 688.
\MT@outer@space=\skip53
)
Package microtype Info: Loading configuration file microtype.cfg.
(c:/Users/carlo/AppData/Roaming/TinyTeX/texmf-dist/tex/latex/microtype/microtype.cfg
File: microtype.cfg 2023/03/13 v3.1a microtype main configuration file (RS)
)) (c:/Users/carlo/AppData/Roaming/TinyTeX/texmf-dist/tex/latex/xcolor/xcolor.sty
Package: xcolor 2022/06/12 v2.14 LaTeX color extensions (UK)
(c:/Users/carlo/AppData/Roaming/TinyTeX/texmf-dist/tex/latex/graphics-cfg/color.cfg
File: color.cfg 2016/01/02 v1.6 sample color configuration
)
Package xcolor Info: Driver file: luatex.def on input line 227.
(c:/Users/carlo/AppData/Roaming/TinyTeX/texmf-dist/tex/latex/graphics-def/luatex.def
File: luatex.def 2022/09/22 v1.2d Graphics/color driver for luatex
) (c:/Users/carlo/AppData/Roaming/TinyTeX/texmf-dist/tex/latex/graphics/mathcolor.ltx)
Package xcolor Info: Model `cmy' substituted by `cmy0' on input line 1353.
Package xcolor Info: Model `hsb' substituted by `rgb' on input line 1357.
Package xcolor Info: Model `RGB' extended on input line 1369.
Package xcolor Info: Model `HTML' substituted by `rgb' on input line 1371.
Package xcolor Info: Model `Hsb' substituted by `hsb' on input line 1372.
Package xcolor Info: Model `tHsb' substituted by `hsb' on input line 1373.
Package xcolor Info: Model `HSB' substituted by `hsb' on input line 1374.
Package xcolor Info: Model `Gray' substituted by `gray' on input line 1375.
Package xcolor Info: Model `wave' substituted by `hsb' on input line 1376.
) (c:/Users/carlo/AppData/Roaming/TinyTeX/texmf-dist/tex/latex/geometry/geometry.sty
Package: geometry 2020/01/02 v5.9 Page Geometry
(c:/Users/carlo/AppData/Roaming/TinyTeX/texmf-dist/tex/generic/iftex/ifvtex.sty
Package: ifvtex 2019/10/25 v1.7 ifvtex legacy package. Use iftex instead.
)
\Gm@cnth=\count287
\Gm@cntv=\count288
\c@Gm@tempcnt=\count289
\Gm@bindingoffset=\dimen153
\Gm@wd@mp=\dimen154
\Gm@odd@mp=\dimen155
\Gm@even@mp=\dimen156
\Gm@layoutwidth=\dimen157
\Gm@layoutheight=\dimen158
\Gm@layouthoffset=\dimen159
\Gm@layoutvoffset=\dimen160
\Gm@dimlist=\toks25
) (c:/Users/carlo/AppData/Roaming/TinyTeX/texmf-dist/tex/latex/listings/listings.sty
\lst@mode=\count290
\lst@gtempboxa=\box55
\lst@token=\toks26
\lst@length=\count291
\lst@currlwidth=\dimen161
\lst@column=\count292
\lst@pos=\count293
\lst@lostspace=\dimen162
\lst@width=\dimen163
\lst@newlines=\count294
\lst@lineno=\count295
\lst@maxwidth=\dimen164
(c:/Users/carlo/AppData/Roaming/TinyTeX/texmf-dist/tex/latex/listings/lstmisc.sty
File: lstmisc.sty 2023/02/27 1.9 (Carsten Heinz)
\c@lstnumber=\count296
\lst@skipnumbers=\count297
\lst@framebox=\box56
) (c:/Users/carlo/AppData/Roaming/TinyTeX/texmf-dist/tex/latex/listings/listings.cfg
File: listings.cfg 2023/02/27 1.9 listings configuration
))
Package: listings 2023/02/27 1.9 (Carsten Heinz)
(c:/Users/carlo/AppData/Roaming/TinyTeX/texmf-dist/tex/latex/tools/longtable.sty
Package: longtable 2021-09-01 v4.17 Multi-page Table package (DPC)
\LTleft=\skip54
\LTright=\skip55
\LTpre=\skip56
\LTpost=\skip57
\LTchunksize=\count298
\LTcapwidth=\dimen165
\LT@head=\box57
\LT@firsthead=\box58
\LT@foot=\box59
\LT@lastfoot=\box60
\LT@gbox=\box61
\LT@cols=\count299
\LT@rows=\count300
\c@LT@tables=\count301
\c@LT@chunks=\count302
\LT@p@ftn=\toks27
) (c:/Users/carlo/AppData/Roaming/TinyTeX/texmf-dist/tex/latex/booktabs/booktabs.sty
Package: booktabs 2020/01/12 v1.61803398 Publication quality tables
\heavyrulewidth=\dimen166
\lightrulewidth=\dimen167
\cmidrulewidth=\dimen168
\belowrulesep=\dimen169
\belowbottomsep=\dimen170
\aboverulesep=\dimen171
\abovetopsep=\dimen172
\cmidrulesep=\dimen173
\cmidrulekern=\dimen174
\defaultaddspace=\dimen175
\@cmidla=\count303
\@cmidlb=\count304
\@aboverulesep=\dimen176
\@belowrulesep=\dimen177
\@thisruleclass=\count305
\@lastruleclass=\count306
\@thisrulewidth=\dimen178
) (c:/Users/carlo/AppData/Roaming/TinyTeX/texmf-dist/tex/latex/tools/array.sty
Package: array 2022/09/04 v2.5g Tabular extension package (FMi)
\col@sep=\dimen179
\ar@mcellbox=\box62
\extrarowheight=\dimen180
\NC@list=\toks28
\extratabsurround=\skip58
\backup@length=\skip59
\ar@cellbox=\box63
) (c:/Users/carlo/AppData/Roaming/TinyTeX/texmf-dist/tex/latex/tools/calc.sty
Package: calc 2017/05/25 v4.3 Infix arithmetic (KKT,FJ)
\calc@Acount=\count307
\calc@Bcount=\count308
\calc@Adimen=\dimen181
\calc@Bdimen=\dimen182
\calc@Askip=\skip60
\calc@Bskip=\skip61
LaTeX Info: Redefining \setlength on input line 80.
LaTeX Info: Redefining \addtolength on input line 81.
\calc@Ccount=\count309
\calc@Cskip=\skip62
) (c:/Users/carlo/AppData/Roaming/TinyTeX/texmf-dist/tex/latex/mdwtools/footnote.sty
Package: footnote 1997/01/28 1.13 Save footnotes around boxes
\fn@notes=\box64
\fn@width=\dimen183
) (c:/Users/carlo/AppData/Roaming/TinyTeX/texmf-dist/tex/latex/graphics/graphicx.sty
Package: graphicx 2021/09/16 v1.2d Enhanced LaTeX Graphics (DPC,SPQR)
(c:/Users/carlo/AppData/Roaming/TinyTeX/texmf-dist/tex/latex/graphics/graphics.sty
Package: graphics 2022/03/10 v1.4e Standard LaTeX Graphics (DPC,SPQR)
(c:/Users/carlo/AppData/Roaming/TinyTeX/texmf-dist/tex/latex/graphics/trig.sty
Package: trig 2021/08/11 v1.11 sin cos tan (DPC)
) (c:/Users/carlo/AppData/Roaming/TinyTeX/texmf-dist/tex/latex/graphics-cfg/graphics.cfg
File: graphics.cfg 2016/06/04 v1.11 sample graphics configuration
)
Package graphics Info: Driver file: luatex.def on input line 107.
)
\Gin@req@height=\dimen184
\Gin@req@width=\dimen185
) (c:/Users/carlo/AppData/Roaming/TinyTeX/texmf-dist/tex/latex/tabto-ltx/tabto.sty
Package: tabto 2018/12/28  v 1.4  Another tabbing mechanism
\CurrentLineWidth=\dimen186
\TabPrevPos=\dimen187
) (c:/Users/carlo/AppData/Roaming/TinyTeX/texmf-dist/tex/latex/parskip/parskip.sty
Package: parskip 2021-03-14 v2.0h non-zero parskip adjustments
(c:/Users/carlo/AppData/Roaming/TinyTeX/texmf-dist/tex/latex/kvoptions/kvoptions.sty
Package: kvoptions 2022-06-15 v3.15 Key value format for package options (HO)
(c:/Users/carlo/AppData/Roaming/TinyTeX/texmf-dist/tex/generic/ltxcmds/ltxcmds.sty
Package: ltxcmds 2020-05-10 v1.25 LaTeX kernel commands for general use (HO)
) (c:/Users/carlo/AppData/Roaming/TinyTeX/texmf-dist/tex/latex/kvsetkeys/kvsetkeys.sty
Package: kvsetkeys 2022-10-05 v1.19 Key value parser (HO)
))) (c:/Users/carlo/AppData/Roaming/TinyTeX/texmf-dist/tex/latex/float/float.sty
Package: float 2001/11/08 v1.3d Float enhancements (AL)
\c@float@type=\count310
\float@exts=\toks29
\float@box=\box65
\@float@everytoks=\toks30
\@floatcapt=\box66
) (c:/Users/carlo/AppData/Roaming/TinyTeX/texmf-dist/tex/latex/tabu/tabu.sty
Package: tabu 2019/01/11 v2.9 - flexible LaTeX tabulars (FC+tabu-fixed)
(c:/Users/carlo/AppData/Roaming/TinyTeX/texmf-dist/tex/latex/varwidth/varwidth.sty
Package: varwidth 2009/03/30 ver 0.92;  Variable-width minipages
\@vwid@box=\box67
\sift@deathcycles=\count311
\@vwid@loff=\dimen188
\@vwid@roff=\dimen189
)
\c@taburow=\count312
\tabu@nbcols=\count313
\tabu@cnt=\count314
\tabu@Xcol=\count315
\tabu@alloc=\count316
\tabu@nested=\count317
\tabu@target=\dimen190
\tabu@spreadtarget=\dimen191
\tabu@naturalX=\dimen192
\tabucolX=\dimen193
\tabu@Xsum=\dimen194
\extrarowdepth=\dimen195
\abovetabulinesep=\dimen196
\belowtabulinesep=\dimen197
\tabustrutrule=\dimen198
\tabu@thebody=\toks31
\tabu@footnotes=\toks32
\tabu@box=\box68
\tabu@arstrutbox=\box69
\tabu@hleads=\box70
\tabu@vleads=\box71
\tabu@cellskip=\skip63
) (c:/Users/carlo/AppData/Roaming/TinyTeX/texmf-dist/tex/latex/multirow/multirow.sty
Package: multirow 2021/03/15 v2.8 Span multiple rows of a table
\multirow@colwidth=\skip64
\multirow@cntb=\count318
\multirow@dima=\skip65
\bigstrutjot=\dimen199
) (c:/Users/carlo/AppData/Roaming/TinyTeX/texmf-dist/tex/latex/pdflscape/pdflscape.sty
Package: pdflscape 2022-10-27 v0.13 Display of landscape pages in PDF
(c:/Users/carlo/AppData/Roaming/TinyTeX/texmf-dist/tex/latex/pdflscape/pdflscape-nometadata.sty
Package: pdflscape-nometadata 2022-10-28 v0.13 Display of landscape pages in PDF (HO)
(c:/Users/carlo/AppData/Roaming/TinyTeX/texmf-dist/tex/latex/graphics/lscape.sty
Package: lscape 2020/05/28 v3.02 Landscape Pages (DPC)
)
Package pdflscape Info: Auto-detected driver: pdftex on input line 81.
)) (c:/Users/carlo/AppData/Roaming/TinyTeX/texmf-dist/tex/latex/threeparttable/threeparttable.sty
Package: threeparttable 2003/06/13  v 3.0
\@tempboxb=\box72
) (c:/Users/carlo/AppData/Roaming/TinyTeX/texmf-dist/tex/latex/threeparttablex/threeparttablex.sty
Package: threeparttablex 2013/07/23 v0.3 by daleif
(c:/Users/carlo/AppData/Roaming/TinyTeX/texmf-dist/tex/latex/environ/environ.sty
Package: environ 2014/05/04 v0.3 A new way to define environments
(c:/Users/carlo/AppData/Roaming/TinyTeX/texmf-dist/tex/latex/trimspaces/trimspaces.sty
Package: trimspaces 2009/09/17 v1.1 Trim spaces around a token list
))
\TPTL@width=\skip66
) (c:/Users/carlo/AppData/Roaming/TinyTeX/texmf-dist/tex/generic/ulem/ulem.sty
\UL@box=\box73
\UL@hyphenbox=\box74
\UL@skip=\skip67
\UL@hook=\toks33
\UL@height=\dimen256
\UL@pe=\count319
\UL@pixel=\dimen257
\ULC@box=\box75
Package: ulem 2019/11/18
\ULdepth=\dimen258
) (c:/Users/carlo/AppData/Roaming/TinyTeX/texmf-dist/tex/latex/makecell/makecell.sty
Package: makecell 2009/08/03 V0.1e Managing of Tab Column Heads and Cells
\rotheadsize=\dimen259
\c@nlinenum=\count320
\TeXr@lab=\toks34
) (c:/Users/carlo/AppData/Roaming/TinyTeX/texmf-dist/tex/latex/colortbl/colortbl.sty
Package: colortbl 2022/06/20 v1.0f Color table columns (DPC)
\everycr=\toks35
\minrowclearance=\skip68
\rownum=\count321
) (c:/Users/carlo/AppData/Roaming/TinyTeX/texmf-dist/tex/latex/url/url.sty
\Urlmuskip=\muskip18
Package: url 2013/09/16  ver 3.4  Verb mode for urls, etc.
) (c:/Users/carlo/AppData/Roaming/TinyTeX/texmf-dist/tex/latex/units/units.sty
Package: units 1998/08/04 v0.9b Typesetting units
(c:/Users/carlo/AppData/Roaming/TinyTeX/texmf-dist/tex/latex/base/ifthen.sty
Package: ifthen 2022/04/13 v1.1d Standard LaTeX ifthen package (DPC)
) (c:/Users/carlo/AppData/Roaming/TinyTeX/texmf-dist/tex/latex/units/nicefrac.sty
Package: nicefrac 1998/08/04 v0.9b Nice fractions
\L@UnitsRaiseDisplaystyle=\skip69
\L@UnitsRaiseTextstyle=\skip70
\L@UnitsRaiseScriptstyle=\skip71
)) (c:/Users/carlo/AppData/Roaming/TinyTeX/texmf-dist/tex/latex/morefloats/morefloats.sty
Package: morefloats 2015/07/22 v1.0h Raise limit of unprocessed floats (HMM)
Package morefloats Info: Maximum number of possible floats asked for: 36
(morefloats)             (i.e. 18 more floats).
(morefloats)             LaTeX might run out of memory before this
(morefloats)             (in which case it will notify you).
) (c:/Users/carlo/AppData/Roaming/TinyTeX/texmf-dist/tex/latex/titlesec/titlesec.sty
Package: titlesec 2021/07/05 v2.14 Sectioning titles
\ttl@box=\box76
\beforetitleunit=\skip72
\aftertitleunit=\skip73
\ttl@plus=\dimen260
\ttl@minus=\dimen261
\ttl@toksa=\toks36
\titlewidth=\dimen262
\titlewidthlast=\dimen263
\titlewidthfirst=\dimen264
) (c:/Users/carlo/AppData/Roaming/TinyTeX/texmf-dist/tex/latex/tcolorbox/tcolorbox.sty
Package: tcolorbox 2023/06/19 version 6.0.4 text color boxes
(c:/Users/carlo/AppData/Roaming/TinyTeX/texmf-dist/tex/latex/pgf/basiclayer/pgf.sty (c:/Users/carlo/AppData/Roaming/TinyTeX/texmf-dist/tex/latex/pgf/utilities/pgfrcs.sty (c:/Users/carlo/AppData/Roaming/TinyTeX/texmf-dist/tex/generic/pgf/utilities/pgfutil-common.tex
\pgfutil@everybye=\toks37
\pgfutil@tempdima=\dimen265
\pgfutil@tempdimb=\dimen266
) (c:/Users/carlo/AppData/Roaming/TinyTeX/texmf-dist/tex/generic/pgf/utilities/pgfutil-latex.def
\pgfutil@abb=\box77
) (c:/Users/carlo/AppData/Roaming/TinyTeX/texmf-dist/tex/generic/pgf/utilities/pgfrcs.code.tex (c:/Users/carlo/AppData/Roaming/TinyTeX/texmf-dist/tex/generic/pgf/pgf.revision.tex)
Package: pgfrcs 2023-01-15 v3.1.10 (3.1.10)
))
Package: pgf 2023-01-15 v3.1.10 (3.1.10)
(c:/Users/carlo/AppData/Roaming/TinyTeX/texmf-dist/tex/latex/pgf/basiclayer/pgfcore.sty (c:/Users/carlo/AppData/Roaming/TinyTeX/texmf-dist/tex/latex/pgf/systemlayer/pgfsys.sty (c:/Users/carlo/AppData/Roaming/TinyTeX/texmf-dist/tex/generic/pgf/systemlayer/pgfsys.code.tex
Package: pgfsys 2023-01-15 v3.1.10 (3.1.10)
(c:/Users/carlo/AppData/Roaming/TinyTeX/texmf-dist/tex/generic/pgf/utilities/pgfkeys.code.tex
\pgfkeys@pathtoks=\toks38
\pgfkeys@temptoks=\toks39
(c:/Users/carlo/AppData/Roaming/TinyTeX/texmf-dist/tex/generic/pgf/utilities/pgfkeyslibraryfiltered.code.tex
\pgfkeys@tmptoks=\toks40
))
\pgf@x=\dimen267
\pgf@y=\dimen268
\pgf@xa=\dimen269
\pgf@ya=\dimen270
\pgf@xb=\dimen271
\pgf@yb=\dimen272
\pgf@xc=\dimen273
\pgf@yc=\dimen274
\pgf@xd=\dimen275
\pgf@yd=\dimen276
\w@pgf@writea=\write3
\r@pgf@reada=\read2
\c@pgf@counta=\count322
\c@pgf@countb=\count323
\c@pgf@countc=\count324
\c@pgf@countd=\count325
\t@pgf@toka=\toks41
\t@pgf@tokb=\toks42
\t@pgf@tokc=\toks43
\pgf@sys@id@count=\count326
(c:/Users/carlo/AppData/Roaming/TinyTeX/texmf-dist/tex/generic/pgf/systemlayer/pgf.cfg
File: pgf.cfg 2023-01-15 v3.1.10 (3.1.10)
)
Driver file for pgf: pgfsys-luatex.def
(c:/Users/carlo/AppData/Roaming/TinyTeX/texmf-dist/tex/generic/pgf/systemlayer/pgfsys-luatex.def
File: pgfsys-luatex.def 2023-01-15 v3.1.10 (3.1.10)
(c:/Users/carlo/AppData/Roaming/TinyTeX/texmf-dist/tex/generic/pgf/systemlayer/pgfsys-common-pdf.def
File: pgfsys-common-pdf.def 2023-01-15 v3.1.10 (3.1.10)
))) (c:/Users/carlo/AppData/Roaming/TinyTeX/texmf-dist/tex/generic/pgf/systemlayer/pgfsyssoftpath.code.tex
File: pgfsyssoftpath.code.tex 2023-01-15 v3.1.10 (3.1.10)
\pgfsyssoftpath@smallbuffer@items=\count327
\pgfsyssoftpath@bigbuffer@items=\count328
) (c:/Users/carlo/AppData/Roaming/TinyTeX/texmf-dist/tex/generic/pgf/systemlayer/pgfsysprotocol.code.tex
File: pgfsysprotocol.code.tex 2023-01-15 v3.1.10 (3.1.10)
)) (c:/Users/carlo/AppData/Roaming/TinyTeX/texmf-dist/tex/generic/pgf/basiclayer/pgfcore.code.tex
Package: pgfcore 2023-01-15 v3.1.10 (3.1.10)
(c:/Users/carlo/AppData/Roaming/TinyTeX/texmf-dist/tex/generic/pgf/math/pgfmath.code.tex (c:/Users/carlo/AppData/Roaming/TinyTeX/texmf-dist/tex/generic/pgf/math/pgfmathutil.code.tex) (c:/Users/carlo/AppData/Roaming/TinyTeX/texmf-dist/tex/generic/pgf/math/pgfmathparser.code.tex
\pgfmath@dimen=\dimen277
\pgfmath@count=\count329
\pgfmath@box=\box78
\pgfmath@toks=\toks44
\pgfmath@stack@operand=\toks45
\pgfmath@stack@operation=\toks46
) (c:/Users/carlo/AppData/Roaming/TinyTeX/texmf-dist/tex/generic/pgf/math/pgfmathfunctions.code.tex) (c:/Users/carlo/AppData/Roaming/TinyTeX/texmf-dist/tex/generic/pgf/math/pgfmathfunctions.basic.code.tex) (c:/Users/carlo/AppData/Roaming/TinyTeX/texmf-dist/tex/generic/pgf/math/pgfmathfunctions.trigonometric.code.tex) (c:/Users/carlo/AppData/Roaming/TinyTeX/texmf-dist/tex/generic/pgf/math/pgfmathfunctions.random.code.tex) (c:/Users/carlo/AppData/Roaming/TinyTeX/texmf-dist/tex/generic/pgf/math/pgfmathfunctions.comparison.code.tex) (c:/Users/carlo/AppData/Roaming/TinyTeX/texmf-dist/tex/generic/pgf/math/pgfmathfunctions.base.code.tex) (c:/Users/carlo/AppData/Roaming/TinyTeX/texmf-dist/tex/generic/pgf/math/pgfmathfunctions.round.code.tex) (c:/Users/carlo/AppData/Roaming/TinyTeX/texmf-dist/tex/generic/pgf/math/pgfmathfunctions.misc.code.tex) (c:/Users/carlo/AppData/Roaming/TinyTeX/texmf-dist/tex/generic/pgf/math/pgfmathfunctions.integerarithmetics.code.tex) (c:/Users/carlo/AppData/Roaming/TinyTeX/texmf-dist/tex/generic/pgf/math/pgfmathcalc.code.tex) (c:/Users/carlo/AppData/Roaming/TinyTeX/texmf-dist/tex/generic/pgf/math/pgfmathfloat.code.tex
\c@pgfmathroundto@lastzeros=\count330
)) (c:/Users/carlo/AppData/Roaming/TinyTeX/texmf-dist/tex/generic/pgf/math/pgfint.code.tex) (c:/Users/carlo/AppData/Roaming/TinyTeX/texmf-dist/tex/generic/pgf/basiclayer/pgfcorepoints.code.tex
File: pgfcorepoints.code.tex 2023-01-15 v3.1.10 (3.1.10)
\pgf@picminx=\dimen278
\pgf@picmaxx=\dimen279
\pgf@picminy=\dimen280
\pgf@picmaxy=\dimen281
\pgf@pathminx=\dimen282
\pgf@pathmaxx=\dimen283
\pgf@pathminy=\dimen284
\pgf@pathmaxy=\dimen285
\pgf@xx=\dimen286
\pgf@xy=\dimen287
\pgf@yx=\dimen288
\pgf@yy=\dimen289
\pgf@zx=\dimen290
\pgf@zy=\dimen291
) (c:/Users/carlo/AppData/Roaming/TinyTeX/texmf-dist/tex/generic/pgf/basiclayer/pgfcorepathconstruct.code.tex
File: pgfcorepathconstruct.code.tex 2023-01-15 v3.1.10 (3.1.10)
\pgf@path@lastx=\dimen292
\pgf@path@lasty=\dimen293
) (c:/Users/carlo/AppData/Roaming/TinyTeX/texmf-dist/tex/generic/pgf/basiclayer/pgfcorepathusage.code.tex
File: pgfcorepathusage.code.tex 2023-01-15 v3.1.10 (3.1.10)
\pgf@shorten@end@additional=\dimen294
\pgf@shorten@start@additional=\dimen295
) (c:/Users/carlo/AppData/Roaming/TinyTeX/texmf-dist/tex/generic/pgf/basiclayer/pgfcorescopes.code.tex
File: pgfcorescopes.code.tex 2023-01-15 v3.1.10 (3.1.10)
\pgfpic=\box79
\pgf@hbox=\box80
\pgf@layerbox@main=\box81
\pgf@picture@serial@count=\count331
) (c:/Users/carlo/AppData/Roaming/TinyTeX/texmf-dist/tex/generic/pgf/basiclayer/pgfcoregraphicstate.code.tex
File: pgfcoregraphicstate.code.tex 2023-01-15 v3.1.10 (3.1.10)
\pgflinewidth=\dimen296
) (c:/Users/carlo/AppData/Roaming/TinyTeX/texmf-dist/tex/generic/pgf/basiclayer/pgfcoretransformations.code.tex
File: pgfcoretransformations.code.tex 2023-01-15 v3.1.10 (3.1.10)
\pgf@pt@x=\dimen297
\pgf@pt@y=\dimen298
\pgf@pt@temp=\dimen299
) (c:/Users/carlo/AppData/Roaming/TinyTeX/texmf-dist/tex/generic/pgf/basiclayer/pgfcorequick.code.tex
File: pgfcorequick.code.tex 2023-01-15 v3.1.10 (3.1.10)
) (c:/Users/carlo/AppData/Roaming/TinyTeX/texmf-dist/tex/generic/pgf/basiclayer/pgfcoreobjects.code.tex
File: pgfcoreobjects.code.tex 2023-01-15 v3.1.10 (3.1.10)
) (c:/Users/carlo/AppData/Roaming/TinyTeX/texmf-dist/tex/generic/pgf/basiclayer/pgfcorepathprocessing.code.tex
File: pgfcorepathprocessing.code.tex 2023-01-15 v3.1.10 (3.1.10)
) (c:/Users/carlo/AppData/Roaming/TinyTeX/texmf-dist/tex/generic/pgf/basiclayer/pgfcorearrows.code.tex
File: pgfcorearrows.code.tex 2023-01-15 v3.1.10 (3.1.10)
\pgfarrowsep=\dimen300
) (c:/Users/carlo/AppData/Roaming/TinyTeX/texmf-dist/tex/generic/pgf/basiclayer/pgfcoreshade.code.tex
File: pgfcoreshade.code.tex 2023-01-15 v3.1.10 (3.1.10)
\pgf@max=\dimen301
\pgf@sys@shading@range@num=\count332
\pgf@shadingcount=\count333
) (c:/Users/carlo/AppData/Roaming/TinyTeX/texmf-dist/tex/generic/pgf/basiclayer/pgfcoreimage.code.tex
File: pgfcoreimage.code.tex 2023-01-15 v3.1.10 (3.1.10)
) (c:/Users/carlo/AppData/Roaming/TinyTeX/texmf-dist/tex/generic/pgf/basiclayer/pgfcoreexternal.code.tex
File: pgfcoreexternal.code.tex 2023-01-15 v3.1.10 (3.1.10)
\pgfexternal@startupbox=\box82
) (c:/Users/carlo/AppData/Roaming/TinyTeX/texmf-dist/tex/generic/pgf/basiclayer/pgfcorelayers.code.tex
File: pgfcorelayers.code.tex 2023-01-15 v3.1.10 (3.1.10)
) (c:/Users/carlo/AppData/Roaming/TinyTeX/texmf-dist/tex/generic/pgf/basiclayer/pgfcoretransparency.code.tex
File: pgfcoretransparency.code.tex 2023-01-15 v3.1.10 (3.1.10)
) (c:/Users/carlo/AppData/Roaming/TinyTeX/texmf-dist/tex/generic/pgf/basiclayer/pgfcorepatterns.code.tex
File: pgfcorepatterns.code.tex 2023-01-15 v3.1.10 (3.1.10)
) (c:/Users/carlo/AppData/Roaming/TinyTeX/texmf-dist/tex/generic/pgf/basiclayer/pgfcorerdf.code.tex
File: pgfcorerdf.code.tex 2023-01-15 v3.1.10 (3.1.10)
))) (c:/Users/carlo/AppData/Roaming/TinyTeX/texmf-dist/tex/generic/pgf/modules/pgfmoduleshapes.code.tex
File: pgfmoduleshapes.code.tex 2023-01-15 v3.1.10 (3.1.10)
\pgfnodeparttextbox=\box83
) (c:/Users/carlo/AppData/Roaming/TinyTeX/texmf-dist/tex/generic/pgf/modules/pgfmoduleplot.code.tex
File: pgfmoduleplot.code.tex 2023-01-15 v3.1.10 (3.1.10)
) (c:/Users/carlo/AppData/Roaming/TinyTeX/texmf-dist/tex/latex/pgf/compatibility/pgfcomp-version-0-65.sty
Package: pgfcomp-version-0-65 2023-01-15 v3.1.10 (3.1.10)
\pgf@nodesepstart=\dimen302
\pgf@nodesepend=\dimen303
) (c:/Users/carlo/AppData/Roaming/TinyTeX/texmf-dist/tex/latex/pgf/compatibility/pgfcomp-version-1-18.sty
Package: pgfcomp-version-1-18 2023-01-15 v3.1.10 (3.1.10)
)) (c:/Users/carlo/AppData/Roaming/TinyTeX/texmf-dist/tex/latex/tools/verbatim.sty
Package: verbatim 2022-07-02 v1.5u LaTeX2e package for verbatim enhancements
\every@verbatim=\toks47
\verbatim@line=\toks48
\verbatim@in@stream=\read3
)
\tcb@titlebox=\box84
\tcb@upperbox=\box85
\tcb@lowerbox=\box86
\tcb@phantombox=\box87
\c@tcbbreakpart=\count334
\c@tcblayer=\count335
\c@tcolorbox@number=\count336
\tcb@temp=\box88
\tcb@temp=\box89
\tcb@temp=\box90
\tcb@temp=\box91
) (c:/Users/carlo/AppData/Roaming/TinyTeX/texmf-dist/tex/latex/fancyhdr/fancyhdr.sty
Package: fancyhdr 2022/11/09 v4.1 Extensive control of page headers and footers
\f@nch@headwidth=\skip74
\f@nch@O@elh=\skip75
\f@nch@O@erh=\skip76
\f@nch@O@olh=\skip77
\f@nch@O@orh=\skip78
\f@nch@O@elf=\skip79
\f@nch@O@erf=\skip80
\f@nch@O@olf=\skip81
\f@nch@O@orf=\skip82
) (c:/Users/carlo/AppData/Roaming/TinyTeX/texmf-dist/tex/latex/hyperref/hyperref.sty
Package: hyperref 2023-05-16 v7.00y Hypertext links for LaTeX
(c:/Users/carlo/AppData/Roaming/TinyTeX/texmf-dist/tex/generic/pdftexcmds/pdftexcmds.sty
Package: pdftexcmds 2020-06-27 v0.33 Utility functions of pdfTeX for LuaTeX (HO)
(c:/Users/carlo/AppData/Roaming/TinyTeX/texmf-dist/tex/generic/infwarerr/infwarerr.sty
Package: infwarerr 2019/12/03 v1.5 Providing info/warning/error messages (HO)
)
Package pdftexcmds Info: \pdf@primitive is available.
Package pdftexcmds Info: \pdf@ifprimitive is available.
Package pdftexcmds Info: \pdfdraftmode found.
\pdftexcmds@toks=\toks49
) (c:/Users/carlo/AppData/Roaming/TinyTeX/texmf-dist/tex/generic/kvdefinekeys/kvdefinekeys.sty
Package: kvdefinekeys 2019-12-19 v1.6 Define keys (HO)
) (c:/Users/carlo/AppData/Roaming/TinyTeX/texmf-dist/tex/generic/pdfescape/pdfescape.sty
Package: pdfescape 2019/12/09 v1.15 Implements pdfTeX's escape features (HO)
) (c:/Users/carlo/AppData/Roaming/TinyTeX/texmf-dist/tex/latex/hycolor/hycolor.sty
Package: hycolor 2020-01-27 v1.10 Color options for hyperref/bookmark (HO)
) (c:/Users/carlo/AppData/Roaming/TinyTeX/texmf-dist/tex/latex/letltxmacro/letltxmacro.sty
Package: letltxmacro 2019/12/03 v1.6 Let assignment for LaTeX macros (HO)
) (c:/Users/carlo/AppData/Roaming/TinyTeX/texmf-dist/tex/latex/auxhook/auxhook.sty
Package: auxhook 2019-12-17 v1.6 Hooks for auxiliary files (HO)
) (c:/Users/carlo/AppData/Roaming/TinyTeX/texmf-dist/tex/latex/hyperref/nameref.sty
Package: nameref 2023-05-16 v2.51 Cross-referencing by name of section
(c:/Users/carlo/AppData/Roaming/TinyTeX/texmf-dist/tex/latex/refcount/refcount.sty
Package: refcount 2019/12/15 v3.6 Data extraction from label references (HO)
) (c:/Users/carlo/AppData/Roaming/TinyTeX/texmf-dist/tex/generic/gettitlestring/gettitlestring.sty
Package: gettitlestring 2019/12/15 v1.6 Cleanup title references (HO)
)
\c@section@level=\count337
)
\@linkdim=\dimen304
\Hy@linkcounter=\count338
\Hy@pagecounter=\count339
(c:/Users/carlo/AppData/Roaming/TinyTeX/texmf-dist/tex/latex/hyperref/pd1enc.def
File: pd1enc.def 2023-05-16 v7.00y Hyperref: PDFDocEncoding definition (HO)
) (c:/Users/carlo/AppData/Roaming/TinyTeX/texmf-dist/tex/generic/intcalc/intcalc.sty
Package: intcalc 2019/12/15 v1.3 Expandable calculations with integers (HO)
)
\Hy@SavedSpaceFactor=\count340
(c:/Users/carlo/AppData/Roaming/TinyTeX/texmf-dist/tex/latex/hyperref/puenc.def
File: puenc.def 2023-05-16 v7.00y Hyperref: PDF Unicode definition (HO)
)
Package hyperref Info: Option `unicode' set `true' on input line 4050.
Package hyperref Info: Hyper figures OFF on input line 4167.
Package hyperref Info: Link nesting OFF on input line 4172.
Package hyperref Info: Hyper index ON on input line 4175.
Package hyperref Info: Plain pages OFF on input line 4182.
Package hyperref Info: Backreferencing OFF on input line 4187.
Package hyperref Info: Implicit mode ON; LaTeX internals redefined.
Package hyperref Info: Bookmarks ON on input line 4434.
\c@Hy@tempcnt=\count341
LaTeX Info: Redefining \url on input line 4772.
\XeTeXLinkMargin=\dimen305
(c:/Users/carlo/AppData/Roaming/TinyTeX/texmf-dist/tex/generic/bitset/bitset.sty
Package: bitset 2019/12/09 v1.3 Handle bit-vector datatype (HO)
(c:/Users/carlo/AppData/Roaming/TinyTeX/texmf-dist/tex/generic/bigintcalc/bigintcalc.sty
Package: bigintcalc 2019/12/15 v1.5 Expandable calculations on big integers (HO)
))
\Fld@menulength=\count342
\Field@Width=\dimen306
\Fld@charsize=\dimen307
Package hyperref Info: Hyper figures OFF on input line 6051.
Package hyperref Info: Link nesting OFF on input line 6056.
Package hyperref Info: Hyper index ON on input line 6059.
Package hyperref Info: backreferencing OFF on input line 6066.
Package hyperref Info: Link coloring OFF on input line 6071.
Package hyperref Info: Link coloring with OCG OFF on input line 6076.
Package hyperref Info: PDF/A mode OFF on input line 6081.
(c:/Users/carlo/AppData/Roaming/TinyTeX/texmf-dist/tex/latex/base/atbegshi-ltx.sty
Package: atbegshi-ltx 2021/01/10 v1.0c Emulation of the original atbegshi
package with kernel methods
)
\Hy@abspage=\count343
\c@Item=\count344
\c@Hfootnote=\count345
)
Package hyperref Info: Driver (autodetected): hluatex.
(c:/Users/carlo/AppData/Roaming/TinyTeX/texmf-dist/tex/latex/hyperref/hluatex.def
File: hluatex.def 2023-05-16 v7.00y Hyperref driver for luaTeX
(c:/Users/carlo/AppData/Roaming/TinyTeX/texmf-dist/tex/generic/stringenc/stringenc.sty
Package: stringenc 2019/11/29 v1.12 Convert strings between diff. encodings (HO)
) (c:/Users/carlo/AppData/Roaming/TinyTeX/texmf-dist/tex/latex/base/atveryend-ltx.sty
Package: atveryend-ltx 2020/08/19 v1.0a Emulation of the original atveryend package
with kernel methods
)
\Fld@listcount=\count346
\c@bookmark@seq@number=\count347
(c:/Users/carlo/AppData/Roaming/TinyTeX/texmf-dist/tex/latex/rerunfilecheck/rerunfilecheck.sty
Package: rerunfilecheck 2022-07-10 v1.10 Rerun checks for auxiliary files (HO)
(c:/Users/carlo/AppData/Roaming/TinyTeX/texmf-dist/tex/generic/uniquecounter/uniquecounter.sty
Package: uniquecounter 2019/12/15 v1.4 Provide unlimited unique counter (HO)
)
Package uniquecounter Info: New unique counter `rerunfilecheck' on input line 285.
)
\Hy@SectionHShift=\skip83
) (c:/Users/carlo/AppData/Roaming/TinyTeX/texmf-dist/tex/latex/cleveref/cleveref.sty
Package: cleveref 2018/03/27 v0.21.4 Intelligent cross-referencing
Package cleveref Info: `hyperref' support loaded on input line 2370.
LaTeX Info: Redefining \cref on input line 2370.
LaTeX Info: Redefining \Cref on input line 2370.
LaTeX Info: Redefining \crefrange on input line 2370.
LaTeX Info: Redefining \Crefrange on input line 2370.
LaTeX Info: Redefining \cpageref on input line 2370.
LaTeX Info: Redefining \Cpageref on input line 2370.
LaTeX Info: Redefining \cpagerefrange on input line 2370.
LaTeX Info: Redefining \Cpagerefrange on input line 2370.
LaTeX Info: Redefining \labelcref on input line 2370.
LaTeX Info: Redefining \labelcpageref on input line 2370.
Package cleveref Info: `listings' support loaded on input line 3131.
) (c:/Users/carlo/AppData/Roaming/TinyTeX/texmf-dist/tex/latex/wrapfig/wrapfig.sty
\wrapoverhang=\dimen308
\WF@size=\dimen309
\c@WF@wrappedlines=\count348
\WF@box=\box92
\WF@everypar=\toks50
Package: wrapfig 2003/01/31  v 3.6
) (c:/Users/carlo/AppData/Roaming/TinyTeX/texmf-dist/tex/lualatex/selnolig/selnolig.sty
=== Package selnolig, Version 0.302, Date 2015/10/26 ===
Package: selnolig 2015/10/26
(c:/Users/carlo/AppData/Roaming/TinyTeX/texmf-dist/tex/generic/iftex/ifluatex.sty
Package: ifluatex 2019/10/25 v1.5 ifluatex legacy package. Use iftex instead.
) (c:/Users/carlo/AppData/Roaming/TinyTeX/texmf-dist/tex/luatex/luatexbase/luatexbase.sty
Package: luatexbase 2015/10/04 v1.3 luatexbase interface to LuaTeX 
(c:/Users/carlo/AppData/Roaming/TinyTeX/texmf-dist/tex/luatex/ctablestack/ctablestack.sty
Package: ctablestack 2015/10/01 v1.0 Catcode table stable support
\@catcodetablestackcnt=\count349
)
\CatcodeTableOther=\catcodetable14
\CatcodeTableExpl=\catcodetable15
)
Inserting `Suppress ligatures selectively' in `ligaturing'.) (c:/Users/carlo/AppData/Roaming/TinyTeX/texmf-dist/tex/latex/natbib/natbib.sty
Package: natbib 2010/09/13 8.31b (PWD, AO)
\bibhang=\skip84
\bibsep=\skip85
LaTeX Info: Redefining \cite on input line 694.
\c@NAT@ctr=\count350
) (c:/Users/carlo/AppData/Roaming/TinyTeX/texmf-dist/tex/latex/bookmark/bookmark.sty
Package: bookmark 2020-11-06 v1.29 PDF bookmarks (HO)
(c:/Users/carlo/AppData/Roaming/TinyTeX/texmf-dist/tex/latex/bookmark/bkm-pdftex.def
File: bkm-pdftex.def 2020-11-06 v1.29 bookmark driver for pdfTeX (HO)
\BKM@id=\count351
)) (./MSc-Project---Carlos-YANEZ-SANTIBANEZ.aux)
\openout1 = MSc-Project---Carlos-YANEZ-SANTIBANEZ.aux

LaTeX Font Info:    Checking defaults for OML/cmm/m/it on input line 212.
LaTeX Font Info:    ... okay on input line 212.
LaTeX Font Info:    Checking defaults for OMS/cmsy/m/n on input line 212.
LaTeX Font Info:    ... okay on input line 212.
LaTeX Font Info:    Checking defaults for OT1/cmr/m/n on input line 212.
LaTeX Font Info:    ... okay on input line 212.
LaTeX Font Info:    Checking defaults for T1/cmr/m/n on input line 212.
LaTeX Font Info:    ... okay on input line 212.
LaTeX Font Info:    Checking defaults for TS1/cmr/m/n on input line 212.
LaTeX Font Info:    ... okay on input line 212.
LaTeX Font Info:    Checking defaults for TU/lmr/m/n on input line 212.
LaTeX Font Info:    ... okay on input line 212.
LaTeX Font Info:    Checking defaults for OMX/cmex/m/n on input line 212.
LaTeX Font Info:    ... okay on input line 212.
LaTeX Font Info:    Checking defaults for U/cmr/m/n on input line 212.
LaTeX Font Info:    ... okay on input line 212.
LaTeX Font Info:    Checking defaults for PD1/pdf/m/n on input line 212.
LaTeX Font Info:    ... okay on input line 212.
LaTeX Font Info:    Checking defaults for PU/pdf/m/n on input line 212.
LaTeX Font Info:    ... okay on input line 212.
LaTeX Font Info:    Overwriting math alphabet `\mathsf' in version `normal'
(Font)                  OT1/lmss/m/n --> TU/lmss/m/n on input line 212.
LaTeX Font Info:    Overwriting math alphabet `\mathsf' in version `bold'
(Font)                  OT1/lmss/bx/n --> TU/lmss/b/n on input line 212.
LaTeX Font Info:    Overwriting math alphabet `\mathtt' in version `normal'
(Font)                  OT1/lmtt/m/n --> TU/lmtt/m/n on input line 212.
LaTeX Font Info:    Overwriting math alphabet `\mathtt' in version `bold'
(Font)                  OT1/lmtt/m/n --> TU/lmtt/b/n on input line 212.

Package fontspec Info: latinmodern-math scale = 1.127729190578574.


Package fontspec Info: latinmodern-math scale = 1.127729190578574.


Package fontspec Info: latinmodern-math scale = 1.127729190578574.


Package fontspec Info: Font family 'latinmodern-math.otf(0)' created for font
(fontspec)             'latinmodern-math.otf' with options
(fontspec)             [Scale=MatchLowercase,Renderer=Basic,BoldItalicFont={},ItalicFont={},SmallCapsFont={},Script=Math,FontAdjustment={\__um_luatex_copy_fontdimens:
(fontspec)             },BoldFont={latinmodern-math.otf}].
(fontspec)              
(fontspec)              This font family consists of the following NFSS
(fontspec)             series/shapes:
(fontspec)              
(fontspec)             - 'normal' (m/n) with NFSS spec.:
(fontspec)             <->s*[1.127729190578574]"[latinmodern-math.otf]:mode=base;script=math;language=dflt;"
(fontspec)             - 'small caps'  (m/sc) with NFSS spec.: 
(fontspec)             and font adjustment code:
(fontspec)             \__um_luatex_copy_fontdimens: 
(fontspec)             - 'bold' (b/n) with NFSS spec.:
(fontspec)             <->s*[1.127729190578574]"[latinmodern-math.otf]:mode=base;script=math;language=dflt;"
(fontspec)             - 'bold small caps'  (b/sc) with NFSS spec.: 
(fontspec)             and font adjustment code:
(fontspec)             \__um_luatex_copy_fontdimens: 

LaTeX Font Info:    Font shape `TU/latinmodern-math.otf(0)/m/n' will be
(Font)              scaled to size 12.34865pt on input line 212.

Package fontspec Info: latinmodern-math scale = 1.127729190578574.


Package fontspec Info: latinmodern-math scale = 1.127729190578574.


Package fontspec Info: latinmodern-math scale = 1.127729190578574.


Package fontspec Info: latinmodern-math scale = 1.127729190578574.


Package fontspec Info: latinmodern-math scale = 1.127729190578574.


Package fontspec Info: Font family 'latinmodern-math.otf(1)' created for font
(fontspec)             'latinmodern-math.otf' with options
(fontspec)             [Scale=MatchLowercase,Renderer=Basic,BoldItalicFont={},ItalicFont={},SmallCapsFont={},Script=Math,SizeFeatures={{Size=9.3075-},{Size=6.57-9.3075,Font=latinmodern-math.otf,Style=MathScript},{Size=-6.57,Font=latinmodern-math.otf,Style=MathScriptScript}},FontAdjustment={\__um_luatex_copy_fontdimens:
(fontspec)             },BoldFont={latinmodern-math.otf}].
(fontspec)              
(fontspec)              This font family consists of the following NFSS
(fontspec)             series/shapes:
(fontspec)              
(fontspec)             - 'normal' (m/n) with NFSS spec.:
(fontspec)             <9.3075->s*[1.127729190578574]"[latinmodern-math.otf]:mode=base;script=math;language=dflt;"<6.57-9.3075>s*[1.127729190578574]"[latinmodern-math.otf]:mode=base;script=math;language=dflt;+ssty=0;"<-6.57>s*[1.127729190578574]"[latinmodern-math.otf]:mode=base;script=math;language=dflt;+ssty=1;"
(fontspec)             - 'small caps'  (m/sc) with NFSS spec.: 
(fontspec)             and font adjustment code:
(fontspec)             \__um_luatex_copy_fontdimens: 
(fontspec)             - 'bold' (b/n) with NFSS spec.:
(fontspec)             <->s*[1.127729190578574]"[latinmodern-math.otf]:mode=base;script=math;language=dflt;"
(fontspec)             - 'bold small caps'  (b/sc) with NFSS spec.: 
(fontspec)             and font adjustment code:
(fontspec)             \__um_luatex_copy_fontdimens: 

LaTeX Font Info:    Font shape `TU/latinmodern-math.otf(1)/m/n' will be
(Font)              scaled to size 12.34865pt on input line 212.
LaTeX Font Info:    Encoding `OT1' has changed to `TU' for symbol font
(Font)              `operators' in the math version `normal' on input line 212.
LaTeX Font Info:    Overwriting symbol font `operators' in version `normal'
(Font)                  OT1/lmr/m/n --> TU/latinmodern-math.otf(1)/m/n on input line 212.
LaTeX Font Info:    Encoding `OT1' has changed to `TU' for symbol font
(Font)              `operators' in the math version `bold' on input line 212.
LaTeX Font Info:    Overwriting symbol font `operators' in version `bold'
(Font)                  OT1/lmr/bx/n --> TU/latinmodern-math.otf(1)/b/n on input line 212.

Package fontspec Info: latinmodern-math scale = 1.127729190578574.


Package fontspec Info: latinmodern-math scale = 1.127841963497632.


Package fontspec Info: latinmodern-math scale = 1.127729190578574.


Package fontspec Info: latinmodern-math scale = 1.127841963497632.


Package fontspec Info: latinmodern-math scale = 1.127729190578574.


Package fontspec Info: latinmodern-math scale = 1.127841963497632.


Package fontspec Info: latinmodern-math scale = 1.127729190578574.


Package fontspec Info: latinmodern-math scale = 1.127841963497632.


Package fontspec Info: latinmodern-math scale = 1.127729190578574.


Package fontspec Info: latinmodern-math scale = 1.127841963497632.


Package fontspec Info: Font family 'latinmodern-math.otf(2)' created for font
(fontspec)             'latinmodern-math.otf' with options
(fontspec)             [Scale=MatchLowercase,Renderer=Basic,BoldItalicFont={},ItalicFont={},SmallCapsFont={},Script=Math,SizeFeatures={{Size=9.3075-},{Size=6.57-9.3075,Font=latinmodern-math.otf,Style=MathScript},{Size=-6.57,Font=latinmodern-math.otf,Style=MathScriptScript}},FontAdjustment={\__um_luatex_copy_fontdimens:
(fontspec)             },BoldFont={latinmodern-math.otf},ScaleAgain=1.0001,FontAdjustment={\fontdimen
(fontspec)             8\font =8.36003pt\relax \fontdimen 9\font
(fontspec)             =4.86536pt\relax \fontdimen 10\font =5.48279pt\relax
(fontspec)             \fontdimen 11\font =8.47116pt\relax \fontdimen 12\font
(fontspec)             =4.26027pt\relax \fontdimen 13\font =4.48256pt\relax
(fontspec)             \fontdimen 14\font =4.48256pt\relax \fontdimen 15\font
(fontspec)             =3.56876pt\relax \fontdimen 16\font =3.05011pt\relax
(fontspec)             \fontdimen 17\font =3.05011pt\relax \fontdimen 18\font
(fontspec)             =3.08716pt\relax \fontdimen 19\font =2.46973pt\relax
(fontspec)             \fontdimen 22\font =3.08716pt\relax \fontdimen 20\font
(fontspec)             =0pt\relax \fontdimen 21\font =0pt\relax }].
(fontspec)              
(fontspec)              This font family consists of the following NFSS
(fontspec)             series/shapes:
(fontspec)              
(fontspec)             - 'normal' (m/n) with NFSS spec.:
(fontspec)             <9.3075->s*[1.127841963497632]"[latinmodern-math.otf]:mode=base;script=math;language=dflt;"<6.57-9.3075>s*[1.127841963497632]"[latinmodern-math.otf]:mode=base;script=math;language=dflt;+ssty=0;"<-6.57>s*[1.127841963497632]"[latinmodern-math.otf]:mode=base;script=math;language=dflt;+ssty=1;"
(fontspec)             - 'small caps'  (m/sc) with NFSS spec.: 
(fontspec)             and font adjustment code:
(fontspec)             \__um_luatex_copy_fontdimens: \fontdimen 8\font
(fontspec)             =8.36003pt\relax \fontdimen 9\font =4.86536pt\relax
(fontspec)             \fontdimen 10\font =5.48279pt\relax \fontdimen 11\font
(fontspec)             =8.47116pt\relax \fontdimen 12\font =4.26027pt\relax
(fontspec)             \fontdimen 13\font =4.48256pt\relax \fontdimen 14\font
(fontspec)             =4.48256pt\relax \fontdimen 15\font =3.56876pt\relax
(fontspec)             \fontdimen 16\font =3.05011pt\relax \fontdimen 17\font
(fontspec)             =3.05011pt\relax \fontdimen 18\font =3.08716pt\relax
(fontspec)             \fontdimen 19\font =2.46973pt\relax \fontdimen 22\font
(fontspec)             =3.08716pt\relax \fontdimen 20\font =0pt\relax
(fontspec)             \fontdimen 21\font =0pt\relax 
(fontspec)             - 'bold' (b/n) with NFSS spec.:
(fontspec)             <->s*[1.127841963497632]"[latinmodern-math.otf]:mode=base;script=math;language=dflt;"
(fontspec)             - 'bold small caps'  (b/sc) with NFSS spec.: 
(fontspec)             and font adjustment code:
(fontspec)             \__um_luatex_copy_fontdimens: \fontdimen 8\font
(fontspec)             =8.36003pt\relax \fontdimen 9\font =4.86536pt\relax
(fontspec)             \fontdimen 10\font =5.48279pt\relax \fontdimen 11\font
(fontspec)             =8.47116pt\relax \fontdimen 12\font =4.26027pt\relax
(fontspec)             \fontdimen 13\font =4.48256pt\relax \fontdimen 14\font
(fontspec)             =4.48256pt\relax \fontdimen 15\font =3.56876pt\relax
(fontspec)             \fontdimen 16\font =3.05011pt\relax \fontdimen 17\font
(fontspec)             =3.05011pt\relax \fontdimen 18\font =3.08716pt\relax
(fontspec)             \fontdimen 19\font =2.46973pt\relax \fontdimen 22\font
(fontspec)             =3.08716pt\relax \fontdimen 20\font =0pt\relax
(fontspec)             \fontdimen 21\font =0pt\relax 

LaTeX Font Info:    Encoding `OMS' has changed to `TU' for symbol font
(Font)              `symbols' in the math version `normal' on input line 212.
LaTeX Font Info:    Overwriting symbol font `symbols' in version `normal'
(Font)                  OMS/lmsy/m/n --> TU/latinmodern-math.otf(2)/m/n on input line 212.
LaTeX Font Info:    Encoding `OMS' has changed to `TU' for symbol font
(Font)              `symbols' in the math version `bold' on input line 212.
LaTeX Font Info:    Overwriting symbol font `symbols' in version `bold'
(Font)                  OMS/lmsy/b/n --> TU/latinmodern-math.otf(2)/b/n on input line 212.

Package fontspec Info: latinmodern-math scale = 1.127729190578574.


Package fontspec Info: latinmodern-math scale = 1.127616417659516.


Package fontspec Info: latinmodern-math scale = 1.127729190578574.


Package fontspec Info: latinmodern-math scale = 1.127616417659516.


Package fontspec Info: latinmodern-math scale = 1.127729190578574.


Package fontspec Info: latinmodern-math scale = 1.127616417659516.


Package fontspec Info: latinmodern-math scale = 1.127729190578574.


Package fontspec Info: latinmodern-math scale = 1.127616417659516.


Package fontspec Info: latinmodern-math scale = 1.127729190578574.


Package fontspec Info: latinmodern-math scale = 1.127616417659516.


Package fontspec Info: Font family 'latinmodern-math.otf(3)' created for font
(fontspec)             'latinmodern-math.otf' with options
(fontspec)             [Scale=MatchLowercase,Renderer=Basic,BoldItalicFont={},ItalicFont={},SmallCapsFont={},Script=Math,SizeFeatures={{Size=9.3075-},{Size=6.57-9.3075,Font=latinmodern-math.otf,Style=MathScript},{Size=-6.57,Font=latinmodern-math.otf,Style=MathScriptScript}},FontAdjustment={\__um_luatex_copy_fontdimens:
(fontspec)             },BoldFont={latinmodern-math.otf},ScaleAgain=0.9999,FontAdjustment={\fontdimen
(fontspec)             8\font =0.49394pt\relax \fontdimen 9\font
(fontspec)             =2.46973pt\relax \fontdimen 10\font =2.06221pt\relax
(fontspec)             \fontdimen 11\font =1.3707pt\relax \fontdimen 12\font
(fontspec)             =7.40918pt\relax \fontdimen 13\font =0pt\relax }].
(fontspec)              
(fontspec)              This font family consists of the following NFSS
(fontspec)             series/shapes:
(fontspec)              
(fontspec)             - 'normal' (m/n) with NFSS spec.:
(fontspec)             <9.3075->s*[1.127616417659516]"[latinmodern-math.otf]:mode=base;script=math;language=dflt;"<6.57-9.3075>s*[1.127616417659516]"[latinmodern-math.otf]:mode=base;script=math;language=dflt;+ssty=0;"<-6.57>s*[1.127616417659516]"[latinmodern-math.otf]:mode=base;script=math;language=dflt;+ssty=1;"
(fontspec)             - 'small caps'  (m/sc) with NFSS spec.: 
(fontspec)             and font adjustment code:
(fontspec)             \__um_luatex_copy_fontdimens: \fontdimen 8\font
(fontspec)             =0.49394pt\relax \fontdimen 9\font =2.46973pt\relax
(fontspec)             \fontdimen 10\font =2.06221pt\relax \fontdimen 11\font
(fontspec)             =1.3707pt\relax \fontdimen 12\font =7.40918pt\relax
(fontspec)             \fontdimen 13\font =0pt\relax 
(fontspec)             - 'bold' (b/n) with NFSS spec.:
(fontspec)             <->s*[1.127616417659516]"[latinmodern-math.otf]:mode=base;script=math;language=dflt;"
(fontspec)             - 'bold small caps'  (b/sc) with NFSS spec.: 
(fontspec)             and font adjustment code:
(fontspec)             \__um_luatex_copy_fontdimens: \fontdimen 8\font
(fontspec)             =0.49394pt\relax \fontdimen 9\font =2.46973pt\relax
(fontspec)             \fontdimen 10\font =2.06221pt\relax \fontdimen 11\font
(fontspec)             =1.3707pt\relax \fontdimen 12\font =7.40918pt\relax
(fontspec)             \fontdimen 13\font =0pt\relax 

LaTeX Font Info:    Encoding `OMX' has changed to `TU' for symbol font
(Font)              `largesymbols' in the math version `normal' on input line 212.
LaTeX Font Info:    Overwriting symbol font `largesymbols' in version `normal'
(Font)                  OMX/lmex/m/n --> TU/latinmodern-math.otf(3)/m/n on input line 212.
LaTeX Font Info:    Encoding `OMX' has changed to `TU' for symbol font
(Font)              `largesymbols' in the math version `bold' on input line 212.
LaTeX Font Info:    Overwriting symbol font `largesymbols' in version `bold'
(Font)                  OMX/lmex/m/n --> TU/latinmodern-math.otf(3)/b/n on input line 212.
LaTeX Font Info:    Font shape `TU/latinmodern-math.otf(1)/m/n' will be
(Font)              scaled to size 8.64404pt on input line 212.
LaTeX Font Info:    Font shape `TU/latinmodern-math.otf(1)/m/n' will be
(Font)              scaled to size 6.17433pt on input line 212.
LaTeX Font Info:    Trying to load font information for OML+lmm on input line 212.
(c:/Users/carlo/AppData/Roaming/TinyTeX/texmf-dist/tex/latex/lm/omllmm.fd
File: omllmm.fd 2015/05/01 v1.6.1 Font defs for Latin Modern
)
LaTeX Font Info:    Font shape `TU/latinmodern-math.otf(2)/m/n' will be
(Font)              scaled to size 12.34982pt on input line 212.
LaTeX Font Info:    Font shape `TU/latinmodern-math.otf(2)/m/n' will be
(Font)              scaled to size 8.64487pt on input line 212.
LaTeX Font Info:    Font shape `TU/latinmodern-math.otf(2)/m/n' will be
(Font)              scaled to size 6.17491pt on input line 212.
LaTeX Font Info:    Font shape `TU/latinmodern-math.otf(3)/m/n' will be
(Font)              scaled to size 12.3473pt on input line 212.
LaTeX Font Info:    Font shape `TU/latinmodern-math.otf(3)/m/n' will be
(Font)              scaled to size 8.64311pt on input line 212.
LaTeX Font Info:    Font shape `TU/latinmodern-math.otf(3)/m/n' will be
(Font)              scaled to size 6.17366pt on input line 212.
LaTeX Font Info:    Trying to load font information for U+msa on input line 212.
(c:/Users/carlo/AppData/Roaming/TinyTeX/texmf-dist/tex/latex/amsfonts/umsa.fd
File: umsa.fd 2013/01/14 v3.01 AMS symbols A
)
LaTeX Font Info:    Trying to load font information for U+msb on input line 212.
(c:/Users/carlo/AppData/Roaming/TinyTeX/texmf-dist/tex/latex/amsfonts/umsb.fd
File: umsb.fd 2013/01/14 v3.01 AMS symbols B
)
LaTeX Info: Redefining \microtypecontext on input line 212.
Package microtype Info: Applying patch `item' on input line 212.
Package microtype Info: Applying patch `toc' on input line 212.
Package microtype Info: Applying patch `eqnum' on input line 212.
Package microtype Info: Applying patch `footnote' on input line 212.
Package microtype Info: Applying patch `verbatim' on input line 212.
Package microtype Info: Generating PDF output.
Package microtype Info: Character protrusion enabled (level 2).
Package microtype Info: Using protrusion set `basicmath'.
Package microtype Info: Automatic font expansion enabled (level 2),
(microtype)             stretch: 20, shrink: 20, step: 1, non-selected.
Package microtype Info: Using default expansion set `alltext-nott'.
LaTeX Info: Redefining \showhyphens on input line 212.
Package microtype Info: No adjustment of tracking.
Package microtype Info: No adjustment of spacing.
Package microtype Info: No adjustment of kerning.
Package microtype Info: Loading generic protrusion settings for font family
(microtype)             `regular.ttf' (encoding: TU).
(microtype)             For optimal results, create family-specific settings.
(microtype)             See the microtype manual for details.
(c:/Users/carlo/AppData/Roaming/TinyTeX/texmf-dist/tex/latex/epstopdf-pkg/epstopdf-base.sty
Package: epstopdf-base 2020-01-24 v2.11 Base part for package epstopdf
Package epstopdf-base Info: Redefining graphics rule for `.eps' on input line 485.
(c:/Users/carlo/AppData/Roaming/TinyTeX/texmf-dist/tex/latex/latexconfig/epstopdf-sys.cfg
File: epstopdf-sys.cfg 2010/07/13 v1.3 Configuration of (r)epstopdf for TeX Live
))
*geometry* driver: auto-detecting
*geometry* detected driver: luatex
*geometry* verbose mode - [ preamble ] result:
* driver: luatex
* paper: a4paper
* layout: <same size as paper>
* layoutoffset:(h,v)=(0.0pt,0.0pt)
* modes: includehead includefoot 
* h-part:(L,W,R)=(71.13188pt, 455.24411pt, 71.13188pt)
* v-part:(T,H,B)=(28.45274pt, 766.80179pt, 49.79231pt)
* \paperwidth=597.50787pt
* \paperheight=845.04684pt
* \textwidth=455.24411pt
* \textheight=699.80179pt
* \oddsidemargin=-1.1381pt
* \evensidemargin=-1.1381pt
* \topmargin=-43.81725pt
* \headheight=13.59999pt
* \headsep=25.0pt
* \topskip=11.0pt
* \footskip=30.0pt
* \marginparwidth=50.0pt
* \marginparsep=10.0pt
* \columnsep=10.0pt
* \skip\footins=10.0pt plus 4.0pt minus 2.0pt
* \hoffset=0.0pt
* \voffset=0.0pt
* \mag=1000
* \@twocolumnfalse
* \@twosidefalse
* \@mparswitchfalse
* \@reversemarginfalse
* (1in=72.27pt=25.4mm, 1cm=28.453pt)

\c@lstlisting=\count352
Package hyperref Info: Link coloring OFF on input line 212.
<C:/Users/carlo/AppData/Local/R/win-library/4.2/uofgdataanalyticsreport/indiedown/res/logo.png, id=7, 332.2011pt x 77.8107pt>
File: C:/Users/carlo/AppData/Local/R/win-library/4.2/uofgdataanalyticsreport/indiedown/res/logo.png Graphic file (type png)
<use C:/Users/carlo/AppData/Local/R/win-library/4.2/uofgdataanalyticsreport/indiedown/res/logo.png>
Package luatex.def Info: C:/Users/carlo/AppData/Local/R/win-library/4.2/uofgdataanalyticsreport/indiedown/res/logo.png  used on input line 218.
(luatex.def)             Requested size: 166.10013pt x 38.90524pt.

Underfull \hbox (badness 10000) in paragraph at lines 218--219

 []


LaTeX Font Warning: Font shape `TU/regular.ttf(0)/m/sc' undefined
(Font)              using `TU/regular.ttf(0)/m/n' instead on input line 222.

LaTeX Font Info:    Font shape `TU/regular.ttf(0)/m/sc' will be
(Font)              scaled to size 15.89755pt on input line 222.
LaTeX Font Info:    Font shape `TU/regular.ttf(0)/m/sc' will be
(Font)              scaled to size 10.07397pt on input line 223.
LaTeX Font Info:    Font shape `TU/regular.ttf(0)/m/sc' will be
(Font)              scaled to size 19.08076pt on input line 229.

LaTeX Font Warning: Font shape `TU/regular.ttf(0)/b/sc' undefined
(Font)              using `TU/regular.ttf(0)/b/n' instead on input line 229.

LaTeX Font Info:    Font shape `TU/regular.ttf(0)/b/n' will be
(Font)              scaled to size 19.08076pt on input line 229.
LaTeX Font Info:    Font shape `TU/regular.ttf(0)/m/n' will be
(Font)              scaled to size 19.08076pt on input line 230.
LaTeX Font Info:    Font shape `TU/regular.ttf(0)/m/n' will be
(Font)              scaled to size 11.03998pt on input line 236.
[1

{c:/Users/carlo/AppData/Roaming/TinyTeX/texmf-var/fonts/map/pdftex/updmap/pdftex.map}<c:/Users/carlo/AppData/Local/R/win-library/4.2/uofgdataanalyticsreport/indiedown/res/logo.png>] [1


]
LaTeX Font Info:    Font shape `TU/regular.ttf(0)/b/n' will be
(Font)              scaled to size 10.07397pt on input line 251.
LaTeX Font Info:    Font shape `TU/regular.ttf(0)/b/n' will be
(Font)              scaled to size 11.03998pt on input line 251.
(./MSc-Project---Carlos-YANEZ-SANTIBANEZ.toc)
\tf@toc=\write4

\openout4 = MSc-Project---Carlos-YANEZ-SANTIBANEZ.toc
LaTeX Font Info:    Font shape `TU/regular.ttf(0)/m/sl' in size <10.95> not available
(Font)              Font shape `TU/regular.ttf(0)/m/it' tried instead on input line 252.
LaTeX Font Info:    Font shape `TU/regular.ttf(0)/m/it' will be
(Font)              scaled to size 10.07397pt on input line 252.
[2

] [3]

LaTeX Warning: Reference `fig:flow-indi' on page 1 undefined on input line 287.

<MSc-Project---Carlos-YANEZ-SANTIBANEZ_files/figure-latex/flow-indi-1.pdf, id=106, 469.755pt x 325.215pt>
File: MSc-Project---Carlos-YANEZ-SANTIBANEZ_files/figure-latex/flow-indi-1.pdf Graphic file (type pdf)
<use MSc-Project---Carlos-YANEZ-SANTIBANEZ_files/figure-latex/flow-indi-1.pdf>
Package luatex.def Info: MSc-Project---Carlos-YANEZ-SANTIBANEZ_files/figure-latex/flow-indi-1.pdf  used on input line 289.
(luatex.def)             Requested size: 455.24608pt x 315.17035pt.

warning  (pdf backend): ignoring duplicate destination with the name 'page.1'
[1

] [2<./MSc-Project---Carlos-YANEZ-SANTIBANEZ_files/figure-latex/flow-indi-1.pdf>] [3]
<MSc-Project---Carlos-YANEZ-SANTIBANEZ_files/figure-latex/data-flow2-1.png, id=151, 722.7pt x 252.945pt>
File: MSc-Project---Carlos-YANEZ-SANTIBANEZ_files/figure-latex/data-flow2-1.png Graphic file (type png)
<use MSc-Project---Carlos-YANEZ-SANTIBANEZ_files/figure-latex/data-flow2-1.png>
Package luatex.def Info: MSc-Project---Carlos-YANEZ-SANTIBANEZ_files/figure-latex/data-flow2-1.png  used on input line 388.
(luatex.def)             Requested size: 455.24826pt x 159.33688pt.
[4] [5<./MSc-Project---Carlos-YANEZ-SANTIBANEZ_files/figure-latex/data-flow2-1.png>]
<MSc-Project---Carlos-YANEZ-SANTIBANEZ_files/figure-latex/electionsandcensus-1.pdf, id=183, 469.755pt x 216.81pt>
File: MSc-Project---Carlos-YANEZ-SANTIBANEZ_files/figure-latex/electionsandcensus-1.pdf Graphic file (type pdf)
<use MSc-Project---Carlos-YANEZ-SANTIBANEZ_files/figure-latex/electionsandcensus-1.pdf>
Package luatex.def Info: MSc-Project---Carlos-YANEZ-SANTIBANEZ_files/figure-latex/electionsandcensus-1.pdf  used on input line 443.
(luatex.def)             Requested size: 455.24608pt x 210.11356pt.
[6<./MSc-Project---Carlos-YANEZ-SANTIBANEZ_files/figure-latex/electionsandcensus-1.pdf>]
LaTeX Font Info:    Font shape `TU/regular.ttf(0)/m/n' will be
(Font)              scaled to size 7.05177pt on input line 483.
LaTeX Font Info:    Font shape `TU/regular.ttf(0)/m/n' will be
(Font)              scaled to size 8.27998pt on input line 483.
LaTeX Font Info:    Font shape `TU/latinmodern-math.otf(1)/m/n' will be
(Font)              scaled to size 10.14958pt on input line 483.
LaTeX Font Info:    Font shape `TU/latinmodern-math.otf(1)/m/n' will be
(Font)              scaled to size 6.76639pt on input line 483.
LaTeX Font Info:    Font shape `TU/latinmodern-math.otf(1)/m/n' will be
(Font)              scaled to size 5.63866pt on input line 483.
LaTeX Font Info:    Font shape `TU/latinmodern-math.otf(2)/m/n' will be
(Font)              scaled to size 10.15054pt on input line 483.
LaTeX Font Info:    Font shape `TU/latinmodern-math.otf(2)/m/n' will be
(Font)              scaled to size 6.76703pt on input line 483.
LaTeX Font Info:    Font shape `TU/latinmodern-math.otf(2)/m/n' will be
(Font)              scaled to size 5.63919pt on input line 483.
LaTeX Font Info:    Font shape `TU/latinmodern-math.otf(3)/m/n' will be
(Font)              scaled to size 10.14848pt on input line 483.
LaTeX Font Info:    Font shape `TU/latinmodern-math.otf(3)/m/n' will be
(Font)              scaled to size 6.76566pt on input line 483.
LaTeX Font Info:    Font shape `TU/latinmodern-math.otf(3)/m/n' will be
(Font)              scaled to size 5.63805pt on input line 483.
(c:/Users/carlo/AppData/Roaming/TinyTeX/texmf-dist/tex/latex/microtype/mt-msa.cfg
File: mt-msa.cfg 2006/02/04 v1.1 microtype config. file: AMS symbols (a) (RS)
) (c:/Users/carlo/AppData/Roaming/TinyTeX/texmf-dist/tex/latex/microtype/mt-msb.cfg
File: mt-msb.cfg 2005/06/01 v1.0 microtype config. file: AMS symbols (b) (RS)
)
LaTeX Font Info:    Font shape `TU/regular.ttf(0)/m/n' will be
(Font)              scaled to size 5.51999pt on input line 483.
LaTeX Font Info:    Font shape `TU/regular.ttf(0)/m/it' will be
(Font)              scaled to size 8.27998pt on input line 515.
[7] [8] [9]
<MSc-Project---Carlos-YANEZ-SANTIBANEZ_files/figure-latex/coalvsboomers-1.pdf, id=264, 469.755pt x 325.215pt>
File: MSc-Project---Carlos-YANEZ-SANTIBANEZ_files/figure-latex/coalvsboomers-1.pdf Graphic file (type pdf)
<use MSc-Project---Carlos-YANEZ-SANTIBANEZ_files/figure-latex/coalvsboomers-1.pdf>
Package luatex.def Info: MSc-Project---Carlos-YANEZ-SANTIBANEZ_files/figure-latex/coalvsboomers-1.pdf  used on input line 611.
(luatex.def)             Requested size: 455.24608pt x 315.17035pt.
[10


<./MSc-Project---Carlos-YANEZ-SANTIBANEZ_files/figure-latex/coalvsboomers-1.pdf>]
<MSc-Project---Carlos-YANEZ-SANTIBANEZ_files/figure-latex/corrlanguagereligion-1.pdf, id=279, 469.755pt x 325.215pt>
File: MSc-Project---Carlos-YANEZ-SANTIBANEZ_files/figure-latex/corrlanguagereligion-1.pdf Graphic file (type pdf)
<use MSc-Project---Carlos-YANEZ-SANTIBANEZ_files/figure-latex/corrlanguagereligion-1.pdf>
Package luatex.def Info: MSc-Project---Carlos-YANEZ-SANTIBANEZ_files/figure-latex/corrlanguagereligion-1.pdf  used on input line 619.
(luatex.def)             Requested size: 657.62386pt x 455.27805pt.

LaTeX Warning: Float too large for page by 25.7294pt on input line 620.

[11<./MSc-Project---Carlos-YANEZ-SANTIBANEZ_files/figure-latex/corrlanguagereligion-1.pdf>]
<MSc-Project---Carlos-YANEZ-SANTIBANEZ_files/figure-latex/mfascree-1.pdf, id=291, 469.755pt x 325.215pt>
File: MSc-Project---Carlos-YANEZ-SANTIBANEZ_files/figure-latex/mfascree-1.pdf Graphic file (type pdf)
<use MSc-Project---Carlos-YANEZ-SANTIBANEZ_files/figure-latex/mfascree-1.pdf>
Package luatex.def Info: MSc-Project---Carlos-YANEZ-SANTIBANEZ_files/figure-latex/mfascree-1.pdf  used on input line 642.
(luatex.def)             Requested size: 455.24608pt x 315.17035pt.
<MSc-Project---Carlos-YANEZ-SANTIBANEZ_files/figure-latex/groupbiplot-1.pdf, id=293, 469.755pt x 325.215pt>
File: MSc-Project---Carlos-YANEZ-SANTIBANEZ_files/figure-latex/groupbiplot-1.pdf Graphic file (type pdf)
<use MSc-Project---Carlos-YANEZ-SANTIBANEZ_files/figure-latex/groupbiplot-1.pdf>
Package luatex.def Info: MSc-Project---Carlos-YANEZ-SANTIBANEZ_files/figure-latex/groupbiplot-1.pdf  used on input line 650.
(luatex.def)             Requested size: 455.24608pt x 315.17035pt.
[12


<./MSc-Project---Carlos-YANEZ-SANTIBANEZ_files/figure-latex/mfascree-1.pdf>]
Underfull \hbox (badness 10000) in paragraph at lines 664--666

 []

<MSc-Project---Carlos-YANEZ-SANTIBANEZ_files/figure-latex/clustermap2016-1.pdf, id=316, 469.755pt x 325.215pt>
File: MSc-Project---Carlos-YANEZ-SANTIBANEZ_files/figure-latex/clustermap2016-1.pdf Graphic file (type pdf)
<use MSc-Project---Carlos-YANEZ-SANTIBANEZ_files/figure-latex/clustermap2016-1.pdf>
Package luatex.def Info: MSc-Project---Carlos-YANEZ-SANTIBANEZ_files/figure-latex/clustermap2016-1.pdf  used on input line 675.
(luatex.def)             Requested size: 455.24608pt x 315.17035pt.
<MSc-Project---Carlos-YANEZ-SANTIBANEZ_files/figure-latex/clustereddemographics-1.pdf, id=318, 469.755pt x 325.215pt>
File: MSc-Project---Carlos-YANEZ-SANTIBANEZ_files/figure-latex/clustereddemographics-1.pdf Graphic file (type pdf)
<use MSc-Project---Carlos-YANEZ-SANTIBANEZ_files/figure-latex/clustereddemographics-1.pdf>
Package luatex.def Info: MSc-Project---Carlos-YANEZ-SANTIBANEZ_files/figure-latex/clustereddemographics-1.pdf  used on input line 694.
(luatex.def)             Requested size: 455.24608pt x 315.17035pt.
[13<./MSc-Project---Carlos-YANEZ-SANTIBANEZ_files/figure-latex/groupbiplot-1.pdf>]
LaTeX Font Info:    Font shape `TU/regular.ttf(1)/b/n' will be
(Font)              scaled to size 10.07397pt on input line 708.
LaTeX Font Info:    Font shape `TU/regular.ttf(1)/b/n' will be
(Font)              scaled to size 7.05177pt on input line 708.
LaTeX Font Info:    Font shape `TU/regular.ttf(1)/b/n' will be
(Font)              scaled to size 5.03699pt on input line 708.
[14<./MSc-Project---Carlos-YANEZ-SANTIBANEZ_files/figure-latex/clustermap2016-1.pdf>]
LaTeX Font Info:    Font shape `TU/regular.ttf(0)/m/n' will be
(Font)              scaled to size 5.03699pt on input line 720.

Underfull \hbox (badness 10000) in paragraph at lines 719--726

 []

[15<./MSc-Project---Carlos-YANEZ-SANTIBANEZ_files/figure-latex/clustereddemographics-1.pdf>]
Underfull \hbox (badness 10000) in paragraph at lines 732--736

 []

[16]
<MSc-Project---Carlos-YANEZ-SANTIBANEZ_files/figure-latex/vipranger1-1.pdf, id=371, 469.755pt x 325.215pt>
File: MSc-Project---Carlos-YANEZ-SANTIBANEZ_files/figure-latex/vipranger1-1.pdf Graphic file (type pdf)
<use MSc-Project---Carlos-YANEZ-SANTIBANEZ_files/figure-latex/vipranger1-1.pdf>
Package luatex.def Info: MSc-Project---Carlos-YANEZ-SANTIBANEZ_files/figure-latex/vipranger1-1.pdf  used on input line 838.
(luatex.def)             Requested size: 455.24608pt x 315.17035pt.
[17]
<MSc-Project---Carlos-YANEZ-SANTIBANEZ_files/figure-latex/vipranger2-1.pdf, id=387, 469.755pt x 325.215pt>
File: MSc-Project---Carlos-YANEZ-SANTIBANEZ_files/figure-latex/vipranger2-1.pdf Graphic file (type pdf)
<use MSc-Project---Carlos-YANEZ-SANTIBANEZ_files/figure-latex/vipranger2-1.pdf>
Package luatex.def Info: MSc-Project---Carlos-YANEZ-SANTIBANEZ_files/figure-latex/vipranger2-1.pdf  used on input line 875.
(luatex.def)             Requested size: 455.24608pt x 315.17035pt.
[18<./MSc-Project---Carlos-YANEZ-SANTIBANEZ_files/figure-latex/vipranger1-1.pdf>]
<MSc-Project---Carlos-YANEZ-SANTIBANEZ_files/figure-latex/betacoefficients0-1.pdf, id=403, 469.755pt x 325.215pt>
File: MSc-Project---Carlos-YANEZ-SANTIBANEZ_files/figure-latex/betacoefficients0-1.pdf Graphic file (type pdf)
<use MSc-Project---Carlos-YANEZ-SANTIBANEZ_files/figure-latex/betacoefficients0-1.pdf>
Package luatex.def Info: MSc-Project---Carlos-YANEZ-SANTIBANEZ_files/figure-latex/betacoefficients0-1.pdf  used on input line 921.
(luatex.def)             Requested size: 455.24608pt x 315.17035pt.
<MSc-Project---Carlos-YANEZ-SANTIBANEZ_files/figure-latex/betacoefficients1-1.pdf, id=404, 469.755pt x 325.215pt>
File: MSc-Project---Carlos-YANEZ-SANTIBANEZ_files/figure-latex/betacoefficients1-1.pdf Graphic file (type pdf)
<use MSc-Project---Carlos-YANEZ-SANTIBANEZ_files/figure-latex/betacoefficients1-1.pdf>
Package luatex.def Info: MSc-Project---Carlos-YANEZ-SANTIBANEZ_files/figure-latex/betacoefficients1-1.pdf  used on input line 927.
(luatex.def)             Requested size: 455.24608pt x 315.17035pt.
<MSc-Project---Carlos-YANEZ-SANTIBANEZ_files/figure-latex/betacoefficients2-1.pdf, id=405, 469.755pt x 325.215pt>
File: MSc-Project---Carlos-YANEZ-SANTIBANEZ_files/figure-latex/betacoefficients2-1.pdf Graphic file (type pdf)
<use MSc-Project---Carlos-YANEZ-SANTIBANEZ_files/figure-latex/betacoefficients2-1.pdf>
Package luatex.def Info: MSc-Project---Carlos-YANEZ-SANTIBANEZ_files/figure-latex/betacoefficients2-1.pdf  used on input line 933.
(luatex.def)             Requested size: 455.24608pt x 315.17035pt.
[19<./MSc-Project---Carlos-YANEZ-SANTIBANEZ_files/figure-latex/vipranger2-1.pdf>] [20<./MSc-Project---Carlos-YANEZ-SANTIBANEZ_files/figure-latex/betacoefficients0-1.pdf><./MSc-Project---Carlos-YANEZ-SANTIBANEZ_files/figure-latex/betacoefficients1-1.pdf>] [21<./MSc-Project---Carlos-YANEZ-SANTIBANEZ_files/figure-latex/betacoefficients2-1.pdf>]
<MSc-Project---Carlos-YANEZ-SANTIBANEZ_files/figure-latex/2022cluster-1.pdf, id=446, 469.755pt x 325.215pt>
File: MSc-Project---Carlos-YANEZ-SANTIBANEZ_files/figure-latex/2022cluster-1.pdf Graphic file (type pdf)
<use MSc-Project---Carlos-YANEZ-SANTIBANEZ_files/figure-latex/2022cluster-1.pdf>
Package luatex.def Info: MSc-Project---Carlos-YANEZ-SANTIBANEZ_files/figure-latex/2022cluster-1.pdf  used on input line 994.
(luatex.def)             Requested size: 455.24608pt x 315.17035pt.
<MSc-Project---Carlos-YANEZ-SANTIBANEZ_files/figure-latex/electionresult-1.pdf, id=449, 469.755pt x 325.215pt>
File: MSc-Project---Carlos-YANEZ-SANTIBANEZ_files/figure-latex/electionresult-1.pdf Graphic file (type pdf)
<use MSc-Project---Carlos-YANEZ-SANTIBANEZ_files/figure-latex/electionresult-1.pdf>
Package luatex.def Info: MSc-Project---Carlos-YANEZ-SANTIBANEZ_files/figure-latex/electionresult-1.pdf  used on input line 1002.
(luatex.def)             Requested size: 455.24608pt x 315.17035pt.
[22] [23<./MSc-Project---Carlos-YANEZ-SANTIBANEZ_files/figure-latex/2022cluster-1.pdf><./MSc-Project---Carlos-YANEZ-SANTIBANEZ_files/figure-latex/electionresult-1.pdf>]
<MSc-Project---Carlos-YANEZ-SANTIBANEZ_files/figure-latex/tealsplot-1.pdf, id=482, 469.755pt x 325.215pt>
File: MSc-Project---Carlos-YANEZ-SANTIBANEZ_files/figure-latex/tealsplot-1.pdf Graphic file (type pdf)
<use MSc-Project---Carlos-YANEZ-SANTIBANEZ_files/figure-latex/tealsplot-1.pdf>
Package luatex.def Info: MSc-Project---Carlos-YANEZ-SANTIBANEZ_files/figure-latex/tealsplot-1.pdf  used on input line 1030.
(luatex.def)             Requested size: 455.24608pt x 315.17035pt.
<MSc-Project---Carlos-YANEZ-SANTIBANEZ_files/figure-latex/tealdemographics-1.pdf, id=484, 469.755pt x 325.215pt>
File: MSc-Project---Carlos-YANEZ-SANTIBANEZ_files/figure-latex/tealdemographics-1.pdf Graphic file (type pdf)
<use MSc-Project---Carlos-YANEZ-SANTIBANEZ_files/figure-latex/tealdemographics-1.pdf>
Package luatex.def Info: MSc-Project---Carlos-YANEZ-SANTIBANEZ_files/figure-latex/tealdemographics-1.pdf  used on input line 1038.
(luatex.def)             Requested size: 455.24608pt x 315.17035pt.
<MSc-Project---Carlos-YANEZ-SANTIBANEZ_files/figure-latex/greenvoting-1.pdf, id=487, 469.755pt x 325.215pt>
File: MSc-Project---Carlos-YANEZ-SANTIBANEZ_files/figure-latex/greenvoting-1.pdf Graphic file (type pdf)
<use MSc-Project---Carlos-YANEZ-SANTIBANEZ_files/figure-latex/greenvoting-1.pdf>
Package luatex.def Info: MSc-Project---Carlos-YANEZ-SANTIBANEZ_files/figure-latex/greenvoting-1.pdf  used on input line 1049.
(luatex.def)             Requested size: 455.24608pt x 315.17035pt.
<MSc-Project---Carlos-YANEZ-SANTIBANEZ_files/figure-latex/green-1.pdf, id=488, 469.755pt x 325.215pt>
File: MSc-Project---Carlos-YANEZ-SANTIBANEZ_files/figure-latex/green-1.pdf Graphic file (type pdf)
<use MSc-Project---Carlos-YANEZ-SANTIBANEZ_files/figure-latex/green-1.pdf>
Package luatex.def Info: MSc-Project---Carlos-YANEZ-SANTIBANEZ_files/figure-latex/green-1.pdf  used on input line 1055.
(luatex.def)             Requested size: 455.24608pt x 315.17035pt.
[24<./MSc-Project---Carlos-YANEZ-SANTIBANEZ_files/figure-latex/tealsplot-1.pdf>] [25<./MSc-Project---Carlos-YANEZ-SANTIBANEZ_files/figure-latex/tealdemographics-1.pdf><./MSc-Project---Carlos-YANEZ-SANTIBANEZ_files/figure-latex/greenvoting-1.pdf>]
<MSc-Project---Carlos-YANEZ-SANTIBANEZ_files/figure-latex/suburbia1-1.pdf, id=517, 469.755pt x 325.215pt>
File: MSc-Project---Carlos-YANEZ-SANTIBANEZ_files/figure-latex/suburbia1-1.pdf Graphic file (type pdf)
<use MSc-Project---Carlos-YANEZ-SANTIBANEZ_files/figure-latex/suburbia1-1.pdf>
Package luatex.def Info: MSc-Project---Carlos-YANEZ-SANTIBANEZ_files/figure-latex/suburbia1-1.pdf  used on input line 1068.
(luatex.def)             Requested size: 455.24608pt x 315.17035pt.
<MSc-Project---Carlos-YANEZ-SANTIBANEZ_files/figure-latex/suburbia2-1.pdf, id=518, 469.755pt x 325.215pt>
File: MSc-Project---Carlos-YANEZ-SANTIBANEZ_files/figure-latex/suburbia2-1.pdf Graphic file (type pdf)
<use MSc-Project---Carlos-YANEZ-SANTIBANEZ_files/figure-latex/suburbia2-1.pdf>
Package luatex.def Info: MSc-Project---Carlos-YANEZ-SANTIBANEZ_files/figure-latex/suburbia2-1.pdf  used on input line 1074.
(luatex.def)             Requested size: 455.24608pt x 315.17035pt.
[26<./MSc-Project---Carlos-YANEZ-SANTIBANEZ_files/figure-latex/green-1.pdf>] [27<./MSc-Project---Carlos-YANEZ-SANTIBANEZ_files/figure-latex/suburbia1-1.pdf><./MSc-Project---Carlos-YANEZ-SANTIBANEZ_files/figure-latex/suburbia2-1.pdf>] [28] [29

] [30] [31] [32

] [33] [34] [35] [36] [37] [38


] [39] [40] [41] [42] [43] [44]
<MSc-Project---Carlos-YANEZ-SANTIBANEZ_files/figure-latex/primvote1-1.pdf, id=804, 469.755pt x 325.215pt>
File: MSc-Project---Carlos-YANEZ-SANTIBANEZ_files/figure-latex/primvote1-1.pdf Graphic file (type pdf)
<use MSc-Project---Carlos-YANEZ-SANTIBANEZ_files/figure-latex/primvote1-1.pdf>
Package luatex.def Info: MSc-Project---Carlos-YANEZ-SANTIBANEZ_files/figure-latex/primvote1-1.pdf  used on input line 1598.
(luatex.def)             Requested size: 455.24608pt x 315.17035pt.
<MSc-Project---Carlos-YANEZ-SANTIBANEZ_files/figure-latex/primvote2-1.pdf, id=805, 469.755pt x 325.215pt>
File: MSc-Project---Carlos-YANEZ-SANTIBANEZ_files/figure-latex/primvote2-1.pdf Graphic file (type pdf)
<use MSc-Project---Carlos-YANEZ-SANTIBANEZ_files/figure-latex/primvote2-1.pdf>
Package luatex.def Info: MSc-Project---Carlos-YANEZ-SANTIBANEZ_files/figure-latex/primvote2-1.pdf  used on input line 1602.
(luatex.def)             Requested size: 455.24608pt x 315.17035pt.
[45<./MSc-Project---Carlos-YANEZ-SANTIBANEZ_files/figure-latex/primvote1-1.pdf>]
<MSc-Project---Carlos-YANEZ-SANTIBANEZ_files/figure-latex/primvote3-1.pdf, id=822, 469.755pt x 325.215pt>
File: MSc-Project---Carlos-YANEZ-SANTIBANEZ_files/figure-latex/primvote3-1.pdf Graphic file (type pdf)
<use MSc-Project---Carlos-YANEZ-SANTIBANEZ_files/figure-latex/primvote3-1.pdf>
Package luatex.def Info: MSc-Project---Carlos-YANEZ-SANTIBANEZ_files/figure-latex/primvote3-1.pdf  used on input line 1606.
(luatex.def)             Requested size: 455.24608pt x 315.17035pt.
[46<./MSc-Project---Carlos-YANEZ-SANTIBANEZ_files/figure-latex/primvote2-1.pdf><./MSc-Project---Carlos-YANEZ-SANTIBANEZ_files/figure-latex/primvote3-1.pdf>]
<MSc-Project---Carlos-YANEZ-SANTIBANEZ_files/figure-latex/primvote4-1.pdf, id=836, 469.755pt x 325.215pt>
File: MSc-Project---Carlos-YANEZ-SANTIBANEZ_files/figure-latex/primvote4-1.pdf Graphic file (type pdf)
<use MSc-Project---Carlos-YANEZ-SANTIBANEZ_files/figure-latex/primvote4-1.pdf>
Package luatex.def Info: MSc-Project---Carlos-YANEZ-SANTIBANEZ_files/figure-latex/primvote4-1.pdf  used on input line 1613.
(luatex.def)             Requested size: 455.24608pt x 315.17035pt.
<MSc-Project---Carlos-YANEZ-SANTIBANEZ_files/figure-latex/primvote5-1.pdf, id=837, 469.755pt x 325.215pt>
File: MSc-Project---Carlos-YANEZ-SANTIBANEZ_files/figure-latex/primvote5-1.pdf Graphic file (type pdf)
<use MSc-Project---Carlos-YANEZ-SANTIBANEZ_files/figure-latex/primvote5-1.pdf>
Package luatex.def Info: MSc-Project---Carlos-YANEZ-SANTIBANEZ_files/figure-latex/primvote5-1.pdf  used on input line 1617.
(luatex.def)             Requested size: 455.24608pt x 315.17035pt.
[47<./MSc-Project---Carlos-YANEZ-SANTIBANEZ_files/figure-latex/primvote4-1.pdf>] [48<./MSc-Project---Carlos-YANEZ-SANTIBANEZ_files/figure-latex/primvote5-1.pdf>] [49] [50] [51]
<MSc-Project---Carlos-YANEZ-SANTIBANEZ_files/figure-latex/unnamed-chunk-45-1.pdf, id=941, 469.755pt x 325.215pt>
File: MSc-Project---Carlos-YANEZ-SANTIBANEZ_files/figure-latex/unnamed-chunk-45-1.pdf Graphic file (type pdf)
<use MSc-Project---Carlos-YANEZ-SANTIBANEZ_files/figure-latex/unnamed-chunk-45-1.pdf>
Package luatex.def Info: MSc-Project---Carlos-YANEZ-SANTIBANEZ_files/figure-latex/unnamed-chunk-45-1.pdf  used on input line 1770.
(luatex.def)             Requested size: 455.24608pt x 315.17035pt.
[52<./MSc-Project---Carlos-YANEZ-SANTIBANEZ_files/figure-latex/unnamed-chunk-45-1.pdf>]
<MSc-Project---Carlos-YANEZ-SANTIBANEZ_files/figure-latex/unnamed-chunk-48-1.pdf, id=965, 469.755pt x 325.215pt>
File: MSc-Project---Carlos-YANEZ-SANTIBANEZ_files/figure-latex/unnamed-chunk-48-1.pdf Graphic file (type pdf)
<use MSc-Project---Carlos-YANEZ-SANTIBANEZ_files/figure-latex/unnamed-chunk-48-1.pdf>
Package luatex.def Info: MSc-Project---Carlos-YANEZ-SANTIBANEZ_files/figure-latex/unnamed-chunk-48-1.pdf  used on input line 1822.
(luatex.def)             Requested size: 455.24608pt x 315.17035pt.
[53]
<MSc-Project---Carlos-YANEZ-SANTIBANEZ_files/figure-latex/unnamed-chunk-49-1.pdf, id=994, 469.755pt x 325.215pt>
File: MSc-Project---Carlos-YANEZ-SANTIBANEZ_files/figure-latex/unnamed-chunk-49-1.pdf Graphic file (type pdf)
<use MSc-Project---Carlos-YANEZ-SANTIBANEZ_files/figure-latex/unnamed-chunk-49-1.pdf>
Package luatex.def Info: MSc-Project---Carlos-YANEZ-SANTIBANEZ_files/figure-latex/unnamed-chunk-49-1.pdf  used on input line 1829.
(luatex.def)             Requested size: 455.24608pt x 315.17035pt.
[54<./MSc-Project---Carlos-YANEZ-SANTIBANEZ_files/figure-latex/unnamed-chunk-48-1.pdf>]
<MSc-Project---Carlos-YANEZ-SANTIBANEZ_files/figure-latex/unnamed-chunk-50-1.pdf, id=1004, 469.755pt x 325.215pt>
File: MSc-Project---Carlos-YANEZ-SANTIBANEZ_files/figure-latex/unnamed-chunk-50-1.pdf Graphic file (type pdf)
<use MSc-Project---Carlos-YANEZ-SANTIBANEZ_files/figure-latex/unnamed-chunk-50-1.pdf>
Package luatex.def Info: MSc-Project---Carlos-YANEZ-SANTIBANEZ_files/figure-latex/unnamed-chunk-50-1.pdf  used on input line 1847.
(luatex.def)             Requested size: 455.24608pt x 315.17035pt.
[55<./MSc-Project---Carlos-YANEZ-SANTIBANEZ_files/figure-latex/unnamed-chunk-49-1.pdf>]
<MSc-Project---Carlos-YANEZ-SANTIBANEZ_files/figure-latex/unnamed-chunk-51-1.pdf, id=1022, 469.755pt x 325.215pt>
File: MSc-Project---Carlos-YANEZ-SANTIBANEZ_files/figure-latex/unnamed-chunk-51-1.pdf Graphic file (type pdf)
<use MSc-Project---Carlos-YANEZ-SANTIBANEZ_files/figure-latex/unnamed-chunk-51-1.pdf>
Package luatex.def Info: MSc-Project---Carlos-YANEZ-SANTIBANEZ_files/figure-latex/unnamed-chunk-51-1.pdf  used on input line 1854.
(luatex.def)             Requested size: 455.24608pt x 315.17035pt.
[56<./MSc-Project---Carlos-YANEZ-SANTIBANEZ_files/figure-latex/unnamed-chunk-50-1.pdf>] [57<./MSc-Project---Carlos-YANEZ-SANTIBANEZ_files/figure-latex/unnamed-chunk-51-1.pdf>] (./MSc-Project---Carlos-YANEZ-SANTIBANEZ.bbl
Underfull \hbox (badness 3895) in paragraph at lines 9--12
[]\TU/regular.ttf(0)/m/sc/10.95 Si-mon Ben-son.  Newspoll: La-bor lead over coali-tion nar-rows, 2023.  URL []$https://www.
 []


Underfull \hbox (badness 10000) in paragraph at lines 9--12
\TU/regular.ttf(0)/m/sc/10.95 theaustralian.com.au/nation/politics/newspoll-labor-lead-over-coalition-narrows/news-story/
 []


Underfull \hbox (badness 10000) in paragraph at lines 94--98
\TU/regular.ttf(0)/m/sc/10.95 Parliament/Parliamentary_Departments/Parliamentary_Library/FlagPost/2022/April/Voting_
 []


Underfull \hbox (badness 2205) in paragraph at lines 94--98
\TU/regular.ttf(0)/m/sc/10.95 patterns_by_generation$[].  Archive Lo-ca-tion: Aus-tralia Last Mod-i-fied: 2022-04-29 Pub-lisher:
 []

[58]) [59] (./MSc-Project---Carlos-YANEZ-SANTIBANEZ.aux)
 ***********
LaTeX2e <2023-06-01> patch level 1
L3 programming layer <2023-06-16>
 ***********

LaTeX Font Warning: Some font shapes were not available, defaults substituted.


LaTeX Warning: There were undefined references.

)

Here is how much of LuaTeX's memory you used:
 35787 strings out of 478031
 596190,1977958 words of node,token memory allocated
 869 words of node memory still in use:
   9 hlist, 2 vlist, 3 rule, 1 local_par, 8 glue, 4 kern, 1 penalty, 1 margin_kern, 4 glyph, 30 attribute, 68 glue_spec, 30 attribute_list, 2 write, 1 user_defined, 15 pdf_action nodes
   avail lists: 1:13,2:7282,3:678,4:535,5:16496,6:156,7:23934,8:137,9:32150,10:42,11:1765
 54931 multiletter control sequences out of 65536+600000
 84 fonts using 19351131 bytes
 90i,16n,123p,1225b,814s stack positions out of 10000i,1000n,20000p,200000b,200000s
<c:/Users/carlo/AppData/Roaming/TinyTeX/texmf-dist/fonts/opentype/public/lm-math/latinmodern-math.otf><c:/Users/carlo/AppData/Roaming/TinyTeX/texmf-dist/fonts/opentype/public/lm-math/latinmodern-math.otf><c:/Users/carlo/AppData/Local/R/win-library/4.2/uofgdataanalyticsreport/indiedown/fonts/bold.ttf><c:/Users/carlo/AppData/Local/R/win-library/4.2/uofgdataanalyticsreport/indiedown/fonts/italic.ttf><c:/Users/carlo/AppData/Local/R/win-library/4.2/uofgdataanalyticsreport/indiedown/fonts/bold.ttf><c:/Users/carlo/AppData/Local/R/win-library/4.2/uofgdataanalyticsreport/indiedown/fonts/regular.ttf>
Output written on MSc-Project---Carlos-YANEZ-SANTIBANEZ.pdf (63 pages, 2744767 bytes).

PDF statistics: 1261 PDF objects out of 1440 (max. 8388607)
 1099 compressed objects within 11 object streams
 503 named destinations out of 1000 (max. 131072)
 320 words of extra memory for PDF output out of 10000 (max. 100000000)

